mode: set
go-cover-parroto/internal/configs/clerk.config.go:11.39,17.2 1 0
go-cover-parroto/internal/configs/database.config.go:14.42,23.2 1 0
go-cover-parroto/internal/configs/index.go:12.20,21.2 2 0
go-cover-parroto/internal/configs/logger.config.go:9.38,13.2 1 0
go-cover-parroto/internal/configs/server.config.go:10.38,15.2 1 0
go-cover-parroto/internal/core/errors/errors.go:14.36,15.16 1 0
go-cover-parroto/internal/core/errors/errors.go:15.16,17.3 1 0
go-cover-parroto/internal/core/errors/errors.go:18.2,18.44 1 0
go-cover-parroto/internal/core/errors/errors.go:18.44,20.3 1 0
go-cover-parroto/internal/core/errors/errors.go:21.2,21.43 1 0
go-cover-parroto/internal/core/errors/errors.go:21.43,23.3 1 0
go-cover-parroto/internal/core/errors/errors.go:24.2,24.12 1 0
go-cover-parroto/internal/core/logger/init.go:16.29,17.18 1 0
go-cover-parroto/internal/core/logger/init.go:17.18,20.41 1 0
go-cover-parroto/internal/core/logger/init.go:22.2,22.14 1 0
go-cover-parroto/internal/core/logger/init.go:25.43,27.17 2 0
go-cover-parroto/internal/core/logger/init.go:27.17,30.32 2 0
go-cover-parroto/internal/core/logger/init.go:30.32,32.4 1 0
go-cover-parroto/internal/core/logger/init.go:32.9,34.4 1 0
go-cover-parroto/internal/core/logger/init.go:36.3,36.17 1 0
go-cover-parroto/internal/core/logger/init.go:36.17,38.4 1 0
go-cover-parroto/internal/core/logger/init.go:40.3,40.20 1 0
go-cover-parroto/internal/core/logger/init.go:42.2,42.12 1 0
go-cover-parroto/internal/core/policy/policy.go:10.76,12.9 2 1
go-cover-parroto/internal/core/policy/policy.go:12.9,14.3 1 1
go-cover-parroto/internal/core/policy/policy.go:16.2,17.39 2 1
go-cover-parroto/internal/core/policy/policy.go:17.39,19.3 1 1
go-cover-parroto/internal/core/policy/policy.go:21.2,21.31 1 1
go-cover-parroto/internal/core/policy/policy.go:21.31,23.3 1 1
go-cover-parroto/internal/core/policy/policy.go:25.2,25.44 1 1
go-cover-parroto/internal/core/policy/policy.go:28.66,30.9 2 1
go-cover-parroto/internal/core/policy/policy.go:30.9,32.3 1 1
go-cover-parroto/internal/core/policy/policy.go:33.2,33.20 1 1
go-cover-parroto/internal/core/response/base-response.go:10.45,14.2 1 0
go-cover-parroto/internal/core/response/base-response.go:17.64,22.2 1 0
go-cover-parroto/internal/core/response/base-response.go:25.38,29.2 1 0
go-cover-parroto/internal/core/response/errors.go:14.35,16.2 1 0
go-cover-parroto/internal/core/response/errors.go:19.64,21.34 2 1
go-cover-parroto/internal/core/response/errors.go:21.34,23.3 1 1
go-cover-parroto/internal/core/response/errors.go:25.2,28.3 1 1
go-cover-parroto/internal/core/response/errors.go:33.42,35.2 1 0
go-cover-parroto/internal/core/response/errors.go:37.44,39.2 1 1
go-cover-parroto/internal/core/response/errors.go:41.41,43.2 1 1
go-cover-parroto/internal/core/response/errors.go:45.40,47.2 1 0
go-cover-parroto/internal/core/response/errors.go:49.40,51.2 1 0
go-cover-parroto/internal/core/response/errors.go:53.40,55.2 1 0
go-cover-parroto/internal/core/response/pagination.go:17.49,18.16 1 0
go-cover-parroto/internal/core/response/pagination.go:18.16,20.3 1 0
go-cover-parroto/internal/core/response/pagination.go:22.2,22.15 1 0
go-cover-parroto/internal/core/response/pagination.go:22.15,24.3 1 0
go-cover-parroto/internal/core/response/pagination.go:26.2,27.15 2 0
go-cover-parroto/internal/core/response/pagination.go:27.15,29.3 1 0
go-cover-parroto/internal/core/response/pagination.go:31.2,36.3 1 0
go-cover-parroto/internal/database/database.go:16.45,25.16 3 0
go-cover-parroto/internal/database/database.go:25.16,27.3 1 0
go-cover-parroto/internal/database/database.go:29.2,30.16 2 0
go-cover-parroto/internal/database/database.go:30.16,32.3 1 0
go-cover-parroto/internal/database/database.go:34.2,40.12 6 0
go-cover-parroto/internal/database/query.go:14.24,20.2 1 0
go-cover-parroto/internal/database/query.go:22.57,25.2 2 0
go-cover-parroto/internal/database/query.go:27.42,28.14 1 0
go-cover-parroto/internal/database/query.go:28.14,30.3 1 0
go-cover-parroto/internal/database/query.go:31.2,31.10 1 0
go-cover-parroto/internal/database/query.go:34.44,35.15 1 0
go-cover-parroto/internal/database/query.go:35.15,37.3 1 0
go-cover-parroto/internal/database/query.go:38.2,38.10 1 0
go-cover-parroto/internal/database/query.go:41.49,44.2 2 0
go-cover-parroto/internal/database/query.go:46.45,49.36 2 0
go-cover-parroto/internal/database/query.go:49.36,50.19 1 0
go-cover-parroto/internal/database/query.go:50.19,52.4 1 0
go-cover-parroto/internal/database/query.go:55.2,55.21 1 0
go-cover-parroto/internal/database/query.go:55.21,57.3 1 0
go-cover-parroto/internal/database/query.go:59.2,62.15 3 0
go-cover-parroto/internal/database/query.go:65.45,68.36 2 0
go-cover-parroto/internal/database/query.go:68.36,69.19 1 0
go-cover-parroto/internal/database/query.go:69.19,71.4 1 0
go-cover-parroto/internal/database/query.go:74.2,74.15 1 0
go-cover-parroto/internal/database/models/bookmark.model.go:12.36,14.2 1 0
go-cover-parroto/internal/database/models/category.model.go:8.36,10.2 1 0
go-cover-parroto/internal/database/models/dictation_status.model.go:12.43,14.2 1 0
go-cover-parroto/internal/database/models/lesson.model.go:17.34,19.2 1 0
go-cover-parroto/internal/database/models/shadowing_status.model.go:12.43,14.2 1 0
go-cover-parroto/internal/database/models/transcript.model.go:14.38,16.2 1 0
go-cover-parroto/internal/database/models/user.model.go:18.32,20.2 1 0
go-cover-parroto/internal/database/models/vocabulary_category.model.go:13.46,15.2 1 0
go-cover-parroto/internal/database/models/vocabulary_deck.model.go:19.42,21.2 1 0
go-cover-parroto/internal/database/models/vocabulary_item.model.go:20.42,22.2 1 0
go-cover-parroto/internal/database/transaction/repository-provider.go:31.49,33.2 1 0
go-cover-parroto/internal/database/transaction/repository-provider.go:35.50,36.23 1 0
go-cover-parroto/internal/database/transaction/repository-provider.go:36.23,38.3 1 0
go-cover-parroto/internal/database/transaction/repository-provider.go:39.2,39.19 1 0
go-cover-parroto/internal/database/transaction/repository-provider.go:42.58,43.27 1 0
go-cover-parroto/internal/database/transaction/repository-provider.go:43.27,45.3 1 0
go-cover-parroto/internal/database/transaction/repository-provider.go:46.2,46.23 1 0
go-cover-parroto/internal/database/transaction/repository-provider.go:49.58,50.27 1 0
go-cover-parroto/internal/database/transaction/repository-provider.go:50.27,52.3 1 0
go-cover-parroto/internal/database/transaction/repository-provider.go:53.2,53.23 1 0
go-cover-parroto/internal/database/transaction/repository-provider.go:56.54,57.25 1 0
go-cover-parroto/internal/database/transaction/repository-provider.go:57.25,59.3 1 0
go-cover-parroto/internal/database/transaction/repository-provider.go:60.2,60.21 1 0
go-cover-parroto/internal/database/transaction/repository-provider.go:63.62,64.29 1 0
go-cover-parroto/internal/database/transaction/repository-provider.go:64.29,66.3 1 0
go-cover-parroto/internal/database/transaction/repository-provider.go:67.2,67.25 1 0
go-cover-parroto/internal/database/transaction/unit-of-work.go:17.44,19.2 1 0
go-cover-parroto/internal/database/transaction/unit-of-work.go:21.105,22.67 1 0
go-cover-parroto/internal/database/transaction/unit-of-work.go:22.67,25.3 2 0
go-cover-parroto/internal/middleware/clerk-auth.middleware.go:22.55,24.2 1 0
go-cover-parroto/internal/middleware/clerk-auth.middleware.go:26.68,29.2 2 0
go-cover-parroto/internal/middleware/clerk-auth.middleware.go:31.44,36.30 4 0
go-cover-parroto/internal/middleware/clerk-auth.middleware.go:36.30,40.66 2 0
go-cover-parroto/internal/middleware/clerk-auth.middleware.go:40.66,42.5 1 0
go-cover-parroto/internal/middleware/clerk-auth.middleware.go:45.3,49.21 3 0
go-cover-parroto/internal/middleware/clerk-auth.middleware.go:49.21,58.4 3 0
go-cover-parroto/internal/middleware/clerk-auth.middleware.go:60.3,62.51 2 0
go-cover-parroto/internal/middleware/clerk-auth.middleware.go:62.51,64.21 2 0
go-cover-parroto/internal/middleware/clerk-auth.middleware.go:64.21,66.5 1 0
go-cover-parroto/internal/middleware/clerk-auth.middleware.go:68.4,77.10 3 0
go-cover-parroto/internal/middleware/clerk-auth.middleware.go:79.3,82.97 3 0
go-cover-parroto/internal/middleware/clerk-auth.middleware.go:82.97,84.4 1 0
go-cover-parroto/internal/middleware/clerk-auth.middleware.go:86.3,90.11 4 0
go-cover-parroto/internal/middleware/role.middleware.go:12.63,13.30 1 0
go-cover-parroto/internal/middleware/role.middleware.go:13.30,18.10 2 0
go-cover-parroto/internal/middleware/role.middleware.go:18.10,23.4 3 0
go-cover-parroto/internal/middleware/role.middleware.go:25.3,25.31 1 0
go-cover-parroto/internal/middleware/role.middleware.go:25.31,30.4 3 0
go-cover-parroto/internal/middleware/role.middleware.go:32.3,32.11 1 0
go-cover-parroto/internal/modules/auth/auth.controller.go:16.67,18.2 1 0
go-cover-parroto/internal/modules/auth/auth.controller.go:31.54,34.19 2 0
go-cover-parroto/internal/modules/auth/auth.controller.go:34.19,38.3 2 0
go-cover-parroto/internal/modules/auth/auth.controller.go:40.2,40.80 1 0
go-cover-parroto/internal/modules/auth/auth.module.go:12.54,18.2 5 0
go-cover-parroto/internal/modules/auth/auth.module.go:18.2,20.3 1 0
go-cover-parroto/internal/modules/auth/repositories/auth.repo.go:17.50,19.2 1 0
go-cover-parroto/internal/modules/auth/repositories/auth.repo.go:21.89,24.16 3 0
go-cover-parroto/internal/modules/auth/repositories/auth.repo.go:24.16,26.3 1 0
go-cover-parroto/internal/modules/auth/repositories/auth.repo.go:27.2,27.19 1 0
go-cover-parroto/internal/modules/auth/repositories/auth.repo.go:30.73,32.2 1 0
go-cover-parroto/internal/modules/auth/repositories/mock.go:18.93,20.24 2 0
go-cover-parroto/internal/modules/auth/repositories/mock.go:20.24,22.3 1 0
go-cover-parroto/internal/modules/auth/repositories/mock.go:23.2,23.50 1 0
go-cover-parroto/internal/modules/auth/repositories/mock.go:26.77,29.2 2 0
go-cover-parroto/internal/modules/auth/services/auth.service.go:17.32,19.2 1 0
go-cover-parroto/internal/modules/auth/services/auth.service.go:29.59,31.2 1 0
go-cover-parroto/internal/modules/auth/services/auth.service.go:33.78,37.19 3 0
go-cover-parroto/internal/modules/auth/services/auth.service.go:37.19,40.3 2 0
go-cover-parroto/internal/modules/auth/services/auth.service.go:42.2,53.16 6 0
go-cover-parroto/internal/modules/auth/services/auth.service.go:53.16,56.3 2 0
go-cover-parroto/internal/modules/auth/services/auth.service.go:58.2,58.12 1 0
go-cover-parroto/internal/modules/bookmark/bookmark.controller.go:19.79,21.2 1 0
go-cover-parroto/internal/modules/bookmark/bookmark.controller.go:37.54,39.46 2 0
go-cover-parroto/internal/modules/bookmark/bookmark.controller.go:39.46,42.3 2 0
go-cover-parroto/internal/modules/bookmark/bookmark.controller.go:43.2,44.19 2 0
go-cover-parroto/internal/modules/bookmark/bookmark.controller.go:44.19,47.3 2 0
go-cover-parroto/internal/modules/bookmark/bookmark.controller.go:48.2,49.65 2 0
go-cover-parroto/internal/modules/bookmark/bookmark.controller.go:49.65,52.3 2 0
go-cover-parroto/internal/modules/bookmark/bookmark.controller.go:53.2,53.73 1 0
go-cover-parroto/internal/modules/bookmark/bookmark.controller.go:68.53,70.47 2 0
go-cover-parroto/internal/modules/bookmark/bookmark.controller.go:70.47,73.3 2 0
go-cover-parroto/internal/modules/bookmark/bookmark.controller.go:74.2,75.19 2 0
go-cover-parroto/internal/modules/bookmark/bookmark.controller.go:75.19,78.3 2 0
go-cover-parroto/internal/modules/bookmark/bookmark.controller.go:79.2,79.59 1 0
go-cover-parroto/internal/modules/bookmark/bookmark.controller.go:94.56,96.47 2 0
go-cover-parroto/internal/modules/bookmark/bookmark.controller.go:96.47,99.3 2 0
go-cover-parroto/internal/modules/bookmark/bookmark.controller.go:100.2,101.19 2 0
go-cover-parroto/internal/modules/bookmark/bookmark.controller.go:101.19,104.3 2 0
go-cover-parroto/internal/modules/bookmark/bookmark.controller.go:105.2,105.61 1 0
go-cover-parroto/internal/modules/bookmark/bookmark.module.go:12.54,18.2 5 0
go-cover-parroto/internal/modules/bookmark/bookmark.module.go:18.2,22.3 3 0
go-cover-parroto/internal/modules/bookmark/dtos/req/bookmark.req.go:12.54,14.21 2 0
go-cover-parroto/internal/modules/bookmark/dtos/req/bookmark.req.go:14.21,16.3 1 0
go-cover-parroto/internal/modules/bookmark/dtos/req/bookmark.req.go:17.2,17.23 1 0
go-cover-parroto/internal/modules/bookmark/dtos/req/bookmark.req.go:17.23,19.3 1 0
go-cover-parroto/internal/modules/bookmark/dtos/req/bookmark.req.go:20.2,20.14 1 0
go-cover-parroto/internal/modules/bookmark/repositories/bookmark.repo.go:19.58,21.2 1 0
go-cover-parroto/internal/modules/bookmark/repositories/bookmark.repo.go:23.88,29.2 2 0
go-cover-parroto/internal/modules/bookmark/repositories/bookmark.repo.go:31.88,33.2 1 0
go-cover-parroto/internal/modules/bookmark/repositories/bookmark.repo.go:35.129,44.16 6 0
go-cover-parroto/internal/modules/bookmark/repositories/bookmark.repo.go:44.16,46.3 1 0
go-cover-parroto/internal/modules/bookmark/repositories/bookmark.repo.go:48.2,52.8 2 0
go-cover-parroto/internal/modules/bookmark/repositories/mock.go:20.92,23.2 2 0
go-cover-parroto/internal/modules/bookmark/repositories/mock.go:25.92,28.2 2 0
go-cover-parroto/internal/modules/bookmark/repositories/mock.go:30.133,32.24 2 0
go-cover-parroto/internal/modules/bookmark/repositories/mock.go:32.24,34.3 1 0
go-cover-parroto/internal/modules/bookmark/repositories/mock.go:35.2,35.81 1 0
go-cover-parroto/internal/modules/bookmark/services/bookmark.service.go:15.32,17.2 1 0
go-cover-parroto/internal/modules/bookmark/services/bookmark.service.go:29.71,31.2 1 0
go-cover-parroto/internal/modules/bookmark/services/bookmark.service.go:33.104,35.16 2 0
go-cover-parroto/internal/modules/bookmark/services/bookmark.service.go:35.16,37.3 1 0
go-cover-parroto/internal/modules/bookmark/services/bookmark.service.go:39.2,41.78 3 0
go-cover-parroto/internal/modules/bookmark/services/bookmark.service.go:41.78,44.3 2 0
go-cover-parroto/internal/modules/bookmark/services/bookmark.service.go:45.2,46.12 2 0
go-cover-parroto/internal/modules/bookmark/services/bookmark.service.go:49.110,51.16 2 0
go-cover-parroto/internal/modules/bookmark/services/bookmark.service.go:51.16,53.3 1 0
go-cover-parroto/internal/modules/bookmark/services/bookmark.service.go:55.2,57.72 3 0
go-cover-parroto/internal/modules/bookmark/services/bookmark.service.go:57.72,60.3 2 0
go-cover-parroto/internal/modules/bookmark/services/bookmark.service.go:61.2,62.12 2 0
go-cover-parroto/internal/modules/bookmark/services/bookmark.service.go:65.148,68.25 3 0
go-cover-parroto/internal/modules/bookmark/services/bookmark.service.go:68.25,69.58 1 0
go-cover-parroto/internal/modules/bookmark/services/bookmark.service.go:69.58,71.4 1 0
go-cover-parroto/internal/modules/bookmark/services/bookmark.service.go:74.2,75.16 2 0
go-cover-parroto/internal/modules/bookmark/services/bookmark.service.go:75.16,78.3 2 0
go-cover-parroto/internal/modules/bookmark/services/bookmark.service.go:79.2,79.20 1 0
go-cover-parroto/internal/modules/category/category-admin.controller.go:20.89,22.2 1 0
go-cover-parroto/internal/modules/category/category-admin.controller.go:36.59,38.46 2 0
go-cover-parroto/internal/modules/category/category-admin.controller.go:38.46,41.3 2 0
go-cover-parroto/internal/modules/category/category-admin.controller.go:42.2,43.19 2 0
go-cover-parroto/internal/modules/category/category-admin.controller.go:43.19,46.3 2 0
go-cover-parroto/internal/modules/category/category-admin.controller.go:47.2,48.66 2 0
go-cover-parroto/internal/modules/category/category-admin.controller.go:48.66,51.3 2 0
go-cover-parroto/internal/modules/category/category-admin.controller.go:52.2,52.74 1 0
go-cover-parroto/internal/modules/category/category-admin.controller.go:67.62,69.16 2 0
go-cover-parroto/internal/modules/category/category-admin.controller.go:69.16,72.3 2 0
go-cover-parroto/internal/modules/category/category-admin.controller.go:73.2,74.19 2 0
go-cover-parroto/internal/modules/category/category-admin.controller.go:74.19,77.3 2 0
go-cover-parroto/internal/modules/category/category-admin.controller.go:78.2,79.58 2 0
go-cover-parroto/internal/modules/category/category-admin.controller.go:79.58,82.3 2 0
go-cover-parroto/internal/modules/category/category-admin.controller.go:83.2,83.49 1 0
go-cover-parroto/internal/modules/category/category-admin.controller.go:98.61,100.48 2 0
go-cover-parroto/internal/modules/category/category-admin.controller.go:100.48,103.3 2 0
go-cover-parroto/internal/modules/category/category-admin.controller.go:104.2,105.19 2 0
go-cover-parroto/internal/modules/category/category-admin.controller.go:105.19,108.3 2 0
go-cover-parroto/internal/modules/category/category-admin.controller.go:109.2,110.58 2 0
go-cover-parroto/internal/modules/category/category-admin.controller.go:110.58,113.3 2 0
go-cover-parroto/internal/modules/category/category-admin.controller.go:114.2,114.49 1 0
go-cover-parroto/internal/modules/category/category-admin.controller.go:130.61,132.16 2 0
go-cover-parroto/internal/modules/category/category-admin.controller.go:132.16,135.3 2 0
go-cover-parroto/internal/modules/category/category-admin.controller.go:136.2,137.48 2 0
go-cover-parroto/internal/modules/category/category-admin.controller.go:137.48,140.3 2 0
go-cover-parroto/internal/modules/category/category-admin.controller.go:141.2,142.19 2 0
go-cover-parroto/internal/modules/category/category-admin.controller.go:142.19,145.3 2 0
go-cover-parroto/internal/modules/category/category-admin.controller.go:146.2,147.58 2 0
go-cover-parroto/internal/modules/category/category-admin.controller.go:147.58,150.3 2 0
go-cover-parroto/internal/modules/category/category-admin.controller.go:151.2,151.49 1 0
go-cover-parroto/internal/modules/category/category-admin.controller.go:166.61,168.16 2 0
go-cover-parroto/internal/modules/category/category-admin.controller.go:168.16,171.3 2 0
go-cover-parroto/internal/modules/category/category-admin.controller.go:172.2,173.19 2 0
go-cover-parroto/internal/modules/category/category-admin.controller.go:173.19,176.3 2 0
go-cover-parroto/internal/modules/category/category-admin.controller.go:177.2,177.61 1 0
go-cover-parroto/internal/modules/category/category.controller.go:17.79,19.2 1 0
go-cover-parroto/internal/modules/category/category.controller.go:32.54,34.46 2 0
go-cover-parroto/internal/modules/category/category.controller.go:34.46,37.3 2 0
go-cover-parroto/internal/modules/category/category.controller.go:38.2,39.19 2 0
go-cover-parroto/internal/modules/category/category.controller.go:39.19,42.3 2 0
go-cover-parroto/internal/modules/category/category.controller.go:43.2,44.66 2 0
go-cover-parroto/internal/modules/category/category.controller.go:44.66,47.3 2 0
go-cover-parroto/internal/modules/category/category.controller.go:48.2,48.74 1 0
go-cover-parroto/internal/modules/category/category.module.go:13.54,22.2 7 0
go-cover-parroto/internal/modules/category/category.module.go:22.2,28.3 5 0
go-cover-parroto/internal/modules/category/dtos/req/category.req.go:10.54,12.2 1 0
go-cover-parroto/internal/modules/category/repositories/category.repo.go:19.58,21.2 1 0
go-cover-parroto/internal/modules/category/repositories/category.repo.go:23.129,32.16 7 0
go-cover-parroto/internal/modules/category/repositories/category.repo.go:32.16,34.3 1 0
go-cover-parroto/internal/modules/category/repositories/category.repo.go:36.2,40.8 2 0
go-cover-parroto/internal/modules/category/repositories/category.repo.go:43.85,45.2 1 0
go-cover-parroto/internal/modules/category/repositories/category.repo.go:47.85,49.2 1 0
go-cover-parroto/internal/modules/category/repositories/category.repo.go:51.67,53.2 1 0
go-cover-parroto/internal/modules/category/repositories/category.repo.go:55.89,58.16 3 0
go-cover-parroto/internal/modules/category/repositories/category.repo.go:58.16,60.3 1 0
go-cover-parroto/internal/modules/category/repositories/category.repo.go:61.2,61.23 1 0
go-cover-parroto/internal/modules/category/repositories/mock.go:20.133,22.24 2 0
go-cover-parroto/internal/modules/category/repositories/mock.go:22.24,24.3 1 0
go-cover-parroto/internal/modules/category/repositories/mock.go:25.2,25.81 1 0
go-cover-parroto/internal/modules/category/repositories/mock.go:28.93,30.24 2 0
go-cover-parroto/internal/modules/category/repositories/mock.go:30.24,32.3 1 0
go-cover-parroto/internal/modules/category/repositories/mock.go:33.2,33.54 1 0
go-cover-parroto/internal/modules/category/repositories/mock.go:36.89,39.2 2 0
go-cover-parroto/internal/modules/category/repositories/mock.go:41.89,44.2 2 0
go-cover-parroto/internal/modules/category/repositories/mock.go:46.71,49.2 2 0
go-cover-parroto/internal/modules/category/services/category.service.go:16.32,18.2 1 0
go-cover-parroto/internal/modules/category/services/category.service.go:32.71,34.2 1 0
go-cover-parroto/internal/modules/category/services/category.service.go:36.104,40.16 4 0
go-cover-parroto/internal/modules/category/services/category.service.go:40.16,41.44 1 0
go-cover-parroto/internal/modules/category/services/category.service.go:41.44,43.4 1 0
go-cover-parroto/internal/modules/category/services/category.service.go:44.3,45.58 2 0
go-cover-parroto/internal/modules/category/services/category.service.go:47.2,47.22 1 0
go-cover-parroto/internal/modules/category/services/category.service.go:50.122,54.53 4 0
go-cover-parroto/internal/modules/category/services/category.service.go:54.53,57.3 2 0
go-cover-parroto/internal/modules/category/services/category.service.go:58.2,59.22 2 0
go-cover-parroto/internal/modules/category/services/category.service.go:62.131,66.16 4 0
go-cover-parroto/internal/modules/category/services/category.service.go:66.16,68.3 1 0
go-cover-parroto/internal/modules/category/services/category.service.go:69.2,70.65 2 0
go-cover-parroto/internal/modules/category/services/category.service.go:70.65,73.3 2 0
go-cover-parroto/internal/modules/category/services/category.service.go:74.2,75.22 2 0
go-cover-parroto/internal/modules/category/services/category.service.go:78.83,81.47 3 0
go-cover-parroto/internal/modules/category/services/category.service.go:81.47,84.3 2 0
go-cover-parroto/internal/modules/category/services/category.service.go:85.2,86.12 2 0
go-cover-parroto/internal/modules/category/services/category.service.go:89.148,93.16 4 0
go-cover-parroto/internal/modules/category/services/category.service.go:93.16,96.3 2 0
go-cover-parroto/internal/modules/category/services/category.service.go:97.2,97.20 1 0
go-cover-parroto/internal/modules/dictation_status/dictation_status.controller.go:19.100,21.2 1 0
go-cover-parroto/internal/modules/dictation_status/dictation_status.controller.go:34.63,36.47 2 0
go-cover-parroto/internal/modules/dictation_status/dictation_status.controller.go:36.47,39.3 2 0
go-cover-parroto/internal/modules/dictation_status/dictation_status.controller.go:40.2,41.19 2 0
go-cover-parroto/internal/modules/dictation_status/dictation_status.controller.go:41.19,44.3 2 0
go-cover-parroto/internal/modules/dictation_status/dictation_status.controller.go:45.2,46.56 2 0
go-cover-parroto/internal/modules/dictation_status/dictation_status.controller.go:46.56,49.3 2 0
go-cover-parroto/internal/modules/dictation_status/dictation_status.controller.go:50.2,50.49 1 0
go-cover-parroto/internal/modules/dictation_status/dictation_status.controller.go:65.61,67.46 2 0
go-cover-parroto/internal/modules/dictation_status/dictation_status.controller.go:67.46,70.3 2 0
go-cover-parroto/internal/modules/dictation_status/dictation_status.controller.go:71.2,72.19 2 0
go-cover-parroto/internal/modules/dictation_status/dictation_status.controller.go:72.19,75.3 2 0
go-cover-parroto/internal/modules/dictation_status/dictation_status.controller.go:76.2,77.64 2 0
go-cover-parroto/internal/modules/dictation_status/dictation_status.controller.go:77.64,80.3 2 0
go-cover-parroto/internal/modules/dictation_status/dictation_status.controller.go:81.2,81.72 1 0
go-cover-parroto/internal/modules/dictation_status/dictation_status.module.go:12.54,18.2 5 0
go-cover-parroto/internal/modules/dictation_status/dictation_status.module.go:18.2,21.3 2 0
go-cover-parroto/internal/modules/dictation_status/dtos/req/dictation_status.req.go:11.61,13.23 2 0
go-cover-parroto/internal/modules/dictation_status/dtos/req/dictation_status.req.go:13.23,15.3 1 0
go-cover-parroto/internal/modules/dictation_status/dtos/req/dictation_status.req.go:16.2,16.14 1 0
go-cover-parroto/internal/modules/dictation_status/repositories/dictation_status.repo.go:19.72,21.2 1 0
go-cover-parroto/internal/modules/dictation_status/repositories/dictation_status.repo.go:23.105,25.2 1 0
go-cover-parroto/internal/modules/dictation_status/repositories/dictation_status.repo.go:27.143,35.16 6 0
go-cover-parroto/internal/modules/dictation_status/repositories/dictation_status.repo.go:35.16,37.3 1 0
go-cover-parroto/internal/modules/dictation_status/repositories/dictation_status.repo.go:39.2,43.8 2 0
go-cover-parroto/internal/modules/dictation_status/repositories/mock.go:20.109,23.2 2 0
go-cover-parroto/internal/modules/dictation_status/repositories/mock.go:25.147,27.24 2 0
go-cover-parroto/internal/modules/dictation_status/repositories/mock.go:27.24,29.3 1 0
go-cover-parroto/internal/modules/dictation_status/repositories/mock.go:30.2,30.88 1 0
go-cover-parroto/internal/modules/dictation_status/services/dictation_status.service.go:16.32,18.2 1 0
go-cover-parroto/internal/modules/dictation_status/services/dictation_status.service.go:29.92,31.2 1 0
go-cover-parroto/internal/modules/dictation_status/services/dictation_status.service.go:33.143,35.16 2 0
go-cover-parroto/internal/modules/dictation_status/services/dictation_status.service.go:35.16,37.3 1 0
go-cover-parroto/internal/modules/dictation_status/services/dictation_status.service.go:39.2,48.71 4 0
go-cover-parroto/internal/modules/dictation_status/services/dictation_status.service.go:48.71,51.3 2 0
go-cover-parroto/internal/modules/dictation_status/services/dictation_status.service.go:53.2,54.20 2 0
go-cover-parroto/internal/modules/dictation_status/services/dictation_status.service.go:57.169,62.16 4 0
go-cover-parroto/internal/modules/dictation_status/services/dictation_status.service.go:62.16,65.3 2 0
go-cover-parroto/internal/modules/dictation_status/services/dictation_status.service.go:66.2,66.20 1 0
go-cover-parroto/internal/modules/lesson/lesson-admin.controller.go:20.83,22.2 1 0
go-cover-parroto/internal/modules/lesson/lesson-admin.controller.go:38.57,40.46 2 0
go-cover-parroto/internal/modules/lesson/lesson-admin.controller.go:40.46,43.3 2 0
go-cover-parroto/internal/modules/lesson/lesson-admin.controller.go:44.2,45.19 2 0
go-cover-parroto/internal/modules/lesson/lesson-admin.controller.go:45.19,48.3 2 0
go-cover-parroto/internal/modules/lesson/lesson-admin.controller.go:49.2,50.63 2 0
go-cover-parroto/internal/modules/lesson/lesson-admin.controller.go:50.63,53.3 2 0
go-cover-parroto/internal/modules/lesson/lesson-admin.controller.go:54.2,54.71 1 0
go-cover-parroto/internal/modules/lesson/lesson-admin.controller.go:69.56,71.47 2 0
go-cover-parroto/internal/modules/lesson/lesson-admin.controller.go:71.47,74.3 2 0
go-cover-parroto/internal/modules/lesson/lesson-admin.controller.go:75.2,76.19 2 0
go-cover-parroto/internal/modules/lesson/lesson-admin.controller.go:76.19,79.3 2 0
go-cover-parroto/internal/modules/lesson/lesson-admin.controller.go:80.2,81.56 2 0
go-cover-parroto/internal/modules/lesson/lesson-admin.controller.go:81.56,84.3 2 0
go-cover-parroto/internal/modules/lesson/lesson-admin.controller.go:85.2,85.49 1 0
go-cover-parroto/internal/modules/lesson/lesson-admin.controller.go:100.59,102.48 2 0
go-cover-parroto/internal/modules/lesson/lesson-admin.controller.go:102.48,105.3 2 0
go-cover-parroto/internal/modules/lesson/lesson-admin.controller.go:106.2,107.19 2 0
go-cover-parroto/internal/modules/lesson/lesson-admin.controller.go:107.19,110.3 2 0
go-cover-parroto/internal/modules/lesson/lesson-admin.controller.go:111.2,112.56 2 0
go-cover-parroto/internal/modules/lesson/lesson-admin.controller.go:112.56,115.3 2 0
go-cover-parroto/internal/modules/lesson/lesson-admin.controller.go:116.2,116.49 1 0
go-cover-parroto/internal/modules/lesson/lesson-admin.controller.go:132.59,134.16 2 0
go-cover-parroto/internal/modules/lesson/lesson-admin.controller.go:134.16,137.3 2 0
go-cover-parroto/internal/modules/lesson/lesson-admin.controller.go:138.2,139.48 2 0
go-cover-parroto/internal/modules/lesson/lesson-admin.controller.go:139.48,142.3 2 0
go-cover-parroto/internal/modules/lesson/lesson-admin.controller.go:143.2,144.19 2 0
go-cover-parroto/internal/modules/lesson/lesson-admin.controller.go:144.19,147.3 2 0
go-cover-parroto/internal/modules/lesson/lesson-admin.controller.go:148.2,149.56 2 0
go-cover-parroto/internal/modules/lesson/lesson-admin.controller.go:149.56,152.3 2 0
go-cover-parroto/internal/modules/lesson/lesson-admin.controller.go:153.2,153.49 1 0
go-cover-parroto/internal/modules/lesson/lesson-admin.controller.go:168.59,170.16 2 0
go-cover-parroto/internal/modules/lesson/lesson-admin.controller.go:170.16,173.3 2 0
go-cover-parroto/internal/modules/lesson/lesson-admin.controller.go:174.2,175.19 2 0
go-cover-parroto/internal/modules/lesson/lesson-admin.controller.go:175.19,178.3 2 0
go-cover-parroto/internal/modules/lesson/lesson-admin.controller.go:179.2,179.59 1 0
go-cover-parroto/internal/modules/lesson/lesson.controller.go:17.73,19.2 1 0
go-cover-parroto/internal/modules/lesson/lesson.controller.go:34.52,36.46 2 0
go-cover-parroto/internal/modules/lesson/lesson.controller.go:36.46,39.3 2 0
go-cover-parroto/internal/modules/lesson/lesson.controller.go:40.2,41.19 2 0
go-cover-parroto/internal/modules/lesson/lesson.controller.go:41.19,44.3 2 0
go-cover-parroto/internal/modules/lesson/lesson.controller.go:45.2,46.63 2 0
go-cover-parroto/internal/modules/lesson/lesson.controller.go:46.63,49.3 2 0
go-cover-parroto/internal/modules/lesson/lesson.controller.go:50.2,50.71 1 0
go-cover-parroto/internal/modules/lesson/lesson.controller.go:64.51,66.47 2 0
go-cover-parroto/internal/modules/lesson/lesson.controller.go:66.47,69.3 2 0
go-cover-parroto/internal/modules/lesson/lesson.controller.go:70.2,71.19 2 0
go-cover-parroto/internal/modules/lesson/lesson.controller.go:71.19,74.3 2 0
go-cover-parroto/internal/modules/lesson/lesson.controller.go:75.2,76.56 2 0
go-cover-parroto/internal/modules/lesson/lesson.controller.go:76.56,79.3 2 0
go-cover-parroto/internal/modules/lesson/lesson.controller.go:80.2,80.49 1 0
go-cover-parroto/internal/modules/lesson/lesson.module.go:13.54,23.2 8 0
go-cover-parroto/internal/modules/lesson/lesson.module.go:23.2,30.3 5 0
go-cover-parroto/internal/modules/lesson/dtos/req/lesson.req.go:30.52,32.25 2 0
go-cover-parroto/internal/modules/lesson/dtos/req/lesson.req.go:32.25,34.3 1 0
go-cover-parroto/internal/modules/lesson/dtos/req/lesson.req.go:35.2,35.20 1 0
go-cover-parroto/internal/modules/lesson/dtos/req/lesson.req.go:35.20,37.3 1 0
go-cover-parroto/internal/modules/lesson/dtos/req/lesson.req.go:38.2,38.14 1 0
go-cover-parroto/internal/modules/lesson/repositories/lesson.repo.go:19.54,21.2 1 0
go-cover-parroto/internal/modules/lesson/repositories/lesson.repo.go:23.125,32.16 7 0
go-cover-parroto/internal/modules/lesson/repositories/lesson.repo.go:32.16,34.3 1 0
go-cover-parroto/internal/modules/lesson/repositories/lesson.repo.go:36.2,40.8 2 0
go-cover-parroto/internal/modules/lesson/repositories/lesson.repo.go:43.85,46.16 3 0
go-cover-parroto/internal/modules/lesson/repositories/lesson.repo.go:46.16,48.3 1 0
go-cover-parroto/internal/modules/lesson/repositories/lesson.repo.go:49.2,49.21 1 0
go-cover-parroto/internal/modules/lesson/repositories/lesson.repo.go:52.79,54.2 1 0
go-cover-parroto/internal/modules/lesson/repositories/lesson.repo.go:56.79,58.2 1 0
go-cover-parroto/internal/modules/lesson/repositories/lesson.repo.go:60.65,62.2 1 0
go-cover-parroto/internal/modules/lesson/repositories/mock.go:20.129,22.24 2 0
go-cover-parroto/internal/modules/lesson/repositories/mock.go:22.24,24.3 1 0
go-cover-parroto/internal/modules/lesson/repositories/mock.go:25.2,25.79 1 0
go-cover-parroto/internal/modules/lesson/repositories/mock.go:28.89,30.24 2 0
go-cover-parroto/internal/modules/lesson/repositories/mock.go:30.24,32.3 1 0
go-cover-parroto/internal/modules/lesson/repositories/mock.go:33.2,33.52 1 0
go-cover-parroto/internal/modules/lesson/repositories/mock.go:36.83,39.2 2 0
go-cover-parroto/internal/modules/lesson/repositories/mock.go:41.83,44.2 2 0
go-cover-parroto/internal/modules/lesson/repositories/mock.go:46.69,49.2 2 0
go-cover-parroto/internal/modules/lesson/services/lesson.service.go:16.32,18.2 1 0
go-cover-parroto/internal/modules/lesson/services/lesson.service.go:32.65,34.2 1 0
go-cover-parroto/internal/modules/lesson/services/lesson.service.go:36.142,40.16 4 0
go-cover-parroto/internal/modules/lesson/services/lesson.service.go:40.16,43.3 2 0
go-cover-parroto/internal/modules/lesson/services/lesson.service.go:44.2,44.20 1 0
go-cover-parroto/internal/modules/lesson/services/lesson.service.go:47.110,51.16 4 0
go-cover-parroto/internal/modules/lesson/services/lesson.service.go:51.16,52.44 1 0
go-cover-parroto/internal/modules/lesson/services/lesson.service.go:52.44,54.4 1 0
go-cover-parroto/internal/modules/lesson/services/lesson.service.go:55.3,56.56 2 0
go-cover-parroto/internal/modules/lesson/services/lesson.service.go:58.2,58.20 1 0
go-cover-parroto/internal/modules/lesson/services/lesson.service.go:61.116,73.51 4 0
go-cover-parroto/internal/modules/lesson/services/lesson.service.go:73.51,76.3 2 0
go-cover-parroto/internal/modules/lesson/services/lesson.service.go:77.2,78.20 2 0
go-cover-parroto/internal/modules/lesson/services/lesson.service.go:81.125,85.16 4 0
go-cover-parroto/internal/modules/lesson/services/lesson.service.go:85.16,86.44 1 0
go-cover-parroto/internal/modules/lesson/services/lesson.service.go:86.44,88.4 1 0
go-cover-parroto/internal/modules/lesson/services/lesson.service.go:89.3,90.56 2 0
go-cover-parroto/internal/modules/lesson/services/lesson.service.go:92.2,99.63 8 0
go-cover-parroto/internal/modules/lesson/services/lesson.service.go:99.63,102.3 2 0
go-cover-parroto/internal/modules/lesson/services/lesson.service.go:103.2,104.20 2 0
go-cover-parroto/internal/modules/lesson/services/lesson.service.go:107.81,110.47 3 0
go-cover-parroto/internal/modules/lesson/services/lesson.service.go:110.47,113.3 2 0
go-cover-parroto/internal/modules/lesson/services/lesson.service.go:114.2,115.12 2 0
go-cover-parroto/internal/modules/shadowing_status/shadowing_status.controller.go:19.100,21.2 1 0
go-cover-parroto/internal/modules/shadowing_status/shadowing_status.controller.go:35.63,37.47 2 0
go-cover-parroto/internal/modules/shadowing_status/shadowing_status.controller.go:37.47,40.3 2 0
go-cover-parroto/internal/modules/shadowing_status/shadowing_status.controller.go:41.2,42.19 2 0
go-cover-parroto/internal/modules/shadowing_status/shadowing_status.controller.go:42.19,45.3 2 0
go-cover-parroto/internal/modules/shadowing_status/shadowing_status.controller.go:46.2,47.56 2 0
go-cover-parroto/internal/modules/shadowing_status/shadowing_status.controller.go:47.56,50.3 2 0
go-cover-parroto/internal/modules/shadowing_status/shadowing_status.controller.go:51.2,51.49 1 0
go-cover-parroto/internal/modules/shadowing_status/shadowing_status.controller.go:66.61,68.46 2 0
go-cover-parroto/internal/modules/shadowing_status/shadowing_status.controller.go:68.46,71.3 2 0
go-cover-parroto/internal/modules/shadowing_status/shadowing_status.controller.go:72.2,73.19 2 0
go-cover-parroto/internal/modules/shadowing_status/shadowing_status.controller.go:73.19,76.3 2 0
go-cover-parroto/internal/modules/shadowing_status/shadowing_status.controller.go:77.2,78.64 2 0
go-cover-parroto/internal/modules/shadowing_status/shadowing_status.controller.go:78.64,81.3 2 0
go-cover-parroto/internal/modules/shadowing_status/shadowing_status.controller.go:82.2,82.72 1 0
go-cover-parroto/internal/modules/shadowing_status/shadowing_status.module.go:12.54,18.2 5 0
go-cover-parroto/internal/modules/shadowing_status/shadowing_status.module.go:18.2,21.3 2 0
go-cover-parroto/internal/modules/shadowing_status/dtos/req/shadowing_status.req.go:11.61,13.23 2 0
go-cover-parroto/internal/modules/shadowing_status/dtos/req/shadowing_status.req.go:13.23,15.3 1 0
go-cover-parroto/internal/modules/shadowing_status/dtos/req/shadowing_status.req.go:16.2,16.14 1 0
go-cover-parroto/internal/modules/shadowing_status/repositories/mock.go:20.101,23.2 2 0
go-cover-parroto/internal/modules/shadowing_status/repositories/mock.go:25.147,27.24 2 0
go-cover-parroto/internal/modules/shadowing_status/repositories/mock.go:27.24,29.3 1 0
go-cover-parroto/internal/modules/shadowing_status/repositories/mock.go:30.2,30.61 1 0
go-cover-parroto/internal/modules/shadowing_status/repositories/mock.go:33.147,35.24 2 0
go-cover-parroto/internal/modules/shadowing_status/repositories/mock.go:35.24,37.3 1 0
go-cover-parroto/internal/modules/shadowing_status/repositories/mock.go:38.2,38.88 1 0
go-cover-parroto/internal/modules/shadowing_status/repositories/shadowing_status.repo.go:18.72,20.2 1 0
go-cover-parroto/internal/modules/shadowing_status/repositories/shadowing_status.repo.go:22.97,24.2 1 0
go-cover-parroto/internal/modules/shadowing_status/repositories/shadowing_status.repo.go:26.143,29.16 3 0
go-cover-parroto/internal/modules/shadowing_status/repositories/shadowing_status.repo.go:29.16,31.3 1 0
go-cover-parroto/internal/modules/shadowing_status/repositories/shadowing_status.repo.go:32.2,32.21 1 0
go-cover-parroto/internal/modules/shadowing_status/repositories/shadowing_status.repo.go:35.143,43.16 6 0
go-cover-parroto/internal/modules/shadowing_status/repositories/shadowing_status.repo.go:43.16,45.3 1 0
go-cover-parroto/internal/modules/shadowing_status/repositories/shadowing_status.repo.go:47.2,51.8 2 0
go-cover-parroto/internal/modules/shadowing_status/services/shadowing_status.service.go:18.32,20.2 1 0
go-cover-parroto/internal/modules/shadowing_status/services/shadowing_status.service.go:31.92,33.2 1 0
go-cover-parroto/internal/modules/shadowing_status/services/shadowing_status.service.go:35.143,37.16 2 0
go-cover-parroto/internal/modules/shadowing_status/services/shadowing_status.service.go:37.16,39.3 1 0
go-cover-parroto/internal/modules/shadowing_status/services/shadowing_status.service.go:41.2,45.67 4 0
go-cover-parroto/internal/modules/shadowing_status/services/shadowing_status.service.go:45.67,48.3 2 0
go-cover-parroto/internal/modules/shadowing_status/services/shadowing_status.service.go:49.2,49.21 1 0
go-cover-parroto/internal/modules/shadowing_status/services/shadowing_status.service.go:49.21,51.3 1 0
go-cover-parroto/internal/modules/shadowing_status/services/shadowing_status.service.go:53.2,59.63 2 0
go-cover-parroto/internal/modules/shadowing_status/services/shadowing_status.service.go:59.63,62.3 2 0
go-cover-parroto/internal/modules/shadowing_status/services/shadowing_status.service.go:64.2,65.20 2 0
go-cover-parroto/internal/modules/shadowing_status/services/shadowing_status.service.go:68.169,73.16 4 0
go-cover-parroto/internal/modules/shadowing_status/services/shadowing_status.service.go:73.16,76.3 2 0
go-cover-parroto/internal/modules/shadowing_status/services/shadowing_status.service.go:77.2,77.20 1 0
go-cover-parroto/internal/modules/transcript/transcript-admin.controller.go:20.95,22.2 1 0
go-cover-parroto/internal/modules/transcript/transcript-admin.controller.go:36.64,38.16 2 0
go-cover-parroto/internal/modules/transcript/transcript-admin.controller.go:38.16,41.3 2 0
go-cover-parroto/internal/modules/transcript/transcript-admin.controller.go:42.2,43.19 2 0
go-cover-parroto/internal/modules/transcript/transcript-admin.controller.go:43.19,46.3 2 0
go-cover-parroto/internal/modules/transcript/transcript-admin.controller.go:47.2,48.60 2 0
go-cover-parroto/internal/modules/transcript/transcript-admin.controller.go:48.60,51.3 2 0
go-cover-parroto/internal/modules/transcript/transcript-admin.controller.go:52.2,52.49 1 0
go-cover-parroto/internal/modules/transcript/transcript-admin.controller.go:67.63,69.48 2 0
go-cover-parroto/internal/modules/transcript/transcript-admin.controller.go:69.48,72.3 2 0
go-cover-parroto/internal/modules/transcript/transcript-admin.controller.go:73.2,74.19 2 0
go-cover-parroto/internal/modules/transcript/transcript-admin.controller.go:74.19,77.3 2 0
go-cover-parroto/internal/modules/transcript/transcript-admin.controller.go:78.2,79.60 2 0
go-cover-parroto/internal/modules/transcript/transcript-admin.controller.go:79.60,82.3 2 0
go-cover-parroto/internal/modules/transcript/transcript-admin.controller.go:83.2,83.49 1 0
go-cover-parroto/internal/modules/transcript/transcript-admin.controller.go:99.67,101.16 2 0
go-cover-parroto/internal/modules/transcript/transcript-admin.controller.go:101.16,104.3 2 0
go-cover-parroto/internal/modules/transcript/transcript-admin.controller.go:105.2,106.48 2 0
go-cover-parroto/internal/modules/transcript/transcript-admin.controller.go:106.48,109.3 2 0
go-cover-parroto/internal/modules/transcript/transcript-admin.controller.go:110.2,111.19 2 0
go-cover-parroto/internal/modules/transcript/transcript-admin.controller.go:111.19,114.3 2 0
go-cover-parroto/internal/modules/transcript/transcript-admin.controller.go:115.2,116.62 2 0
go-cover-parroto/internal/modules/transcript/transcript-admin.controller.go:116.62,119.3 2 0
go-cover-parroto/internal/modules/transcript/transcript-admin.controller.go:120.2,120.49 1 0
go-cover-parroto/internal/modules/transcript/transcript-admin.controller.go:136.72,138.16 2 0
go-cover-parroto/internal/modules/transcript/transcript-admin.controller.go:138.16,141.3 2 0
go-cover-parroto/internal/modules/transcript/transcript-admin.controller.go:142.2,143.48 2 0
go-cover-parroto/internal/modules/transcript/transcript-admin.controller.go:143.48,146.3 2 0
go-cover-parroto/internal/modules/transcript/transcript-admin.controller.go:147.2,148.19 2 0
go-cover-parroto/internal/modules/transcript/transcript-admin.controller.go:148.19,151.3 2 0
go-cover-parroto/internal/modules/transcript/transcript-admin.controller.go:152.2,153.62 2 0
go-cover-parroto/internal/modules/transcript/transcript-admin.controller.go:153.62,156.3 2 0
go-cover-parroto/internal/modules/transcript/transcript-admin.controller.go:157.2,157.49 1 0
go-cover-parroto/internal/modules/transcript/transcript-admin.controller.go:173.63,175.16 2 0
go-cover-parroto/internal/modules/transcript/transcript-admin.controller.go:175.16,178.3 2 0
go-cover-parroto/internal/modules/transcript/transcript-admin.controller.go:179.2,180.48 2 0
go-cover-parroto/internal/modules/transcript/transcript-admin.controller.go:180.48,183.3 2 0
go-cover-parroto/internal/modules/transcript/transcript-admin.controller.go:184.2,185.19 2 0
go-cover-parroto/internal/modules/transcript/transcript-admin.controller.go:185.19,188.3 2 0
go-cover-parroto/internal/modules/transcript/transcript-admin.controller.go:189.2,190.60 2 0
go-cover-parroto/internal/modules/transcript/transcript-admin.controller.go:190.60,193.3 2 0
go-cover-parroto/internal/modules/transcript/transcript-admin.controller.go:194.2,194.49 1 0
go-cover-parroto/internal/modules/transcript/transcript-admin.controller.go:209.63,211.16 2 0
go-cover-parroto/internal/modules/transcript/transcript-admin.controller.go:211.16,214.3 2 0
go-cover-parroto/internal/modules/transcript/transcript-admin.controller.go:215.2,216.19 2 0
go-cover-parroto/internal/modules/transcript/transcript-admin.controller.go:216.19,219.3 2 0
go-cover-parroto/internal/modules/transcript/transcript-admin.controller.go:220.2,220.63 1 0
go-cover-parroto/internal/modules/transcript/transcript-admin.controller.go:235.68,237.16 2 0
go-cover-parroto/internal/modules/transcript/transcript-admin.controller.go:237.16,240.3 2 0
go-cover-parroto/internal/modules/transcript/transcript-admin.controller.go:242.2,243.19 2 0
go-cover-parroto/internal/modules/transcript/transcript-admin.controller.go:243.19,246.3 2 0
go-cover-parroto/internal/modules/transcript/transcript-admin.controller.go:247.2,248.62 2 0
go-cover-parroto/internal/modules/transcript/transcript-admin.controller.go:248.62,251.3 2 0
go-cover-parroto/internal/modules/transcript/transcript-admin.controller.go:252.2,252.49 1 0
go-cover-parroto/internal/modules/transcript/transcript.controller.go:19.85,21.2 1 0
go-cover-parroto/internal/modules/transcript/transcript.controller.go:35.63,37.16 2 0
go-cover-parroto/internal/modules/transcript/transcript.controller.go:37.16,40.3 2 0
go-cover-parroto/internal/modules/transcript/transcript.controller.go:42.2,43.19 2 0
go-cover-parroto/internal/modules/transcript/transcript.controller.go:43.19,46.3 2 0
go-cover-parroto/internal/modules/transcript/transcript.controller.go:47.2,48.62 2 0
go-cover-parroto/internal/modules/transcript/transcript.controller.go:48.62,51.3 2 0
go-cover-parroto/internal/modules/transcript/transcript.controller.go:52.2,52.49 1 0
go-cover-parroto/internal/modules/transcript/transcript.module.go:14.54,26.2 11 0
go-cover-parroto/internal/modules/transcript/transcript.module.go:26.2,31.3 4 0
go-cover-parroto/internal/modules/transcript/repositories/mock.go:18.109,20.24 2 0
go-cover-parroto/internal/modules/transcript/repositories/mock.go:20.24,22.3 1 0
go-cover-parroto/internal/modules/transcript/repositories/mock.go:23.2,23.58 1 0
go-cover-parroto/internal/modules/transcript/repositories/mock.go:26.97,28.24 2 0
go-cover-parroto/internal/modules/transcript/repositories/mock.go:28.24,30.3 1 0
go-cover-parroto/internal/modules/transcript/repositories/mock.go:31.2,31.56 1 0
go-cover-parroto/internal/modules/transcript/repositories/mock.go:34.95,37.2 2 0
go-cover-parroto/internal/modules/transcript/repositories/mock.go:39.102,42.2 2 0
go-cover-parroto/internal/modules/transcript/repositories/mock.go:44.95,47.2 2 0
go-cover-parroto/internal/modules/transcript/repositories/mock.go:49.73,52.2 2 0
go-cover-parroto/internal/modules/transcript/repositories/mock.go:54.87,57.2 2 0
go-cover-parroto/internal/modules/transcript/repositories/transcript.repo.go:17.62,19.2 1 0
go-cover-parroto/internal/modules/transcript/repositories/transcript.repo.go:21.105,24.16 3 0
go-cover-parroto/internal/modules/transcript/repositories/transcript.repo.go:24.16,26.3 1 0
go-cover-parroto/internal/modules/transcript/repositories/transcript.repo.go:27.2,27.25 1 0
go-cover-parroto/internal/modules/transcript/repositories/transcript.repo.go:30.93,33.16 3 0
go-cover-parroto/internal/modules/transcript/repositories/transcript.repo.go:33.16,35.3 1 0
go-cover-parroto/internal/modules/transcript/repositories/transcript.repo.go:36.2,36.25 1 0
go-cover-parroto/internal/modules/transcript/repositories/transcript.repo.go:39.91,41.2 1 0
go-cover-parroto/internal/modules/transcript/repositories/transcript.repo.go:43.98,45.2 1 0
go-cover-parroto/internal/modules/transcript/repositories/transcript.repo.go:47.91,49.2 1 0
go-cover-parroto/internal/modules/transcript/repositories/transcript.repo.go:51.69,53.2 1 0
go-cover-parroto/internal/modules/transcript/repositories/transcript.repo.go:55.83,57.2 1 0
go-cover-parroto/internal/modules/transcript/services/transcript.service.go:17.32,19.2 1 0
go-cover-parroto/internal/modules/transcript/services/transcript.service.go:36.105,38.2 1 0
go-cover-parroto/internal/modules/transcript/services/transcript.service.go:40.108,44.16 4 0
go-cover-parroto/internal/modules/transcript/services/transcript.service.go:44.16,45.44 1 0
go-cover-parroto/internal/modules/transcript/services/transcript.service.go:45.44,47.4 1 0
go-cover-parroto/internal/modules/transcript/services/transcript.service.go:48.3,49.60 2 0
go-cover-parroto/internal/modules/transcript/services/transcript.service.go:51.2,51.24 1 0
go-cover-parroto/internal/modules/transcript/services/transcript.service.go:54.120,58.16 4 0
go-cover-parroto/internal/modules/transcript/services/transcript.service.go:58.16,61.3 2 0
go-cover-parroto/internal/modules/transcript/services/transcript.service.go:62.2,62.25 1 0
go-cover-parroto/internal/modules/transcript/services/transcript.service.go:65.128,77.55 4 0
go-cover-parroto/internal/modules/transcript/services/transcript.service.go:77.55,80.3 2 0
go-cover-parroto/internal/modules/transcript/services/transcript.service.go:81.2,82.24 2 0
go-cover-parroto/internal/modules/transcript/services/transcript.service.go:85.153,90.37 4 0
go-cover-parroto/internal/modules/transcript/services/transcript.service.go:90.37,100.3 1 0
go-cover-parroto/internal/modules/transcript/services/transcript.service.go:102.2,102.60 1 0
go-cover-parroto/internal/modules/transcript/services/transcript.service.go:102.60,105.3 2 0
go-cover-parroto/internal/modules/transcript/services/transcript.service.go:107.2,108.25 2 0
go-cover-parroto/internal/modules/transcript/services/transcript.service.go:111.158,116.80 4 0
go-cover-parroto/internal/modules/transcript/services/transcript.service.go:116.80,119.61 2 0
go-cover-parroto/internal/modules/transcript/services/transcript.service.go:119.61,121.4 1 0
go-cover-parroto/internal/modules/transcript/services/transcript.service.go:123.3,124.38 2 0
go-cover-parroto/internal/modules/transcript/services/transcript.service.go:124.38,134.4 1 0
go-cover-parroto/internal/modules/transcript/services/transcript.service.go:136.3,136.60 1 0
go-cover-parroto/internal/modules/transcript/services/transcript.service.go:136.60,138.4 1 0
go-cover-parroto/internal/modules/transcript/services/transcript.service.go:140.3,141.13 2 0
go-cover-parroto/internal/modules/transcript/services/transcript.service.go:144.2,144.16 1 0
go-cover-parroto/internal/modules/transcript/services/transcript.service.go:144.16,147.3 2 0
go-cover-parroto/internal/modules/transcript/services/transcript.service.go:149.2,150.20 2 0
go-cover-parroto/internal/modules/transcript/services/transcript.service.go:153.137,157.16 4 0
go-cover-parroto/internal/modules/transcript/services/transcript.service.go:157.16,159.3 1 0
go-cover-parroto/internal/modules/transcript/services/transcript.service.go:160.2,160.26 1 0
go-cover-parroto/internal/modules/transcript/services/transcript.service.go:160.26,162.3 1 0
go-cover-parroto/internal/modules/transcript/services/transcript.service.go:163.2,163.25 1 0
go-cover-parroto/internal/modules/transcript/services/transcript.service.go:163.25,165.3 1 0
go-cover-parroto/internal/modules/transcript/services/transcript.service.go:166.2,166.26 1 0
go-cover-parroto/internal/modules/transcript/services/transcript.service.go:166.26,168.3 1 0
go-cover-parroto/internal/modules/transcript/services/transcript.service.go:169.2,169.28 1 0
go-cover-parroto/internal/modules/transcript/services/transcript.service.go:169.28,171.3 1 0
go-cover-parroto/internal/modules/transcript/services/transcript.service.go:172.2,172.32 1 0
go-cover-parroto/internal/modules/transcript/services/transcript.service.go:172.32,174.3 1 0
go-cover-parroto/internal/modules/transcript/services/transcript.service.go:175.2,175.30 1 0
go-cover-parroto/internal/modules/transcript/services/transcript.service.go:175.30,177.3 1 0
go-cover-parroto/internal/modules/transcript/services/transcript.service.go:178.2,178.67 1 0
go-cover-parroto/internal/modules/transcript/services/transcript.service.go:178.67,181.3 2 0
go-cover-parroto/internal/modules/transcript/services/transcript.service.go:182.2,183.24 2 0
go-cover-parroto/internal/modules/transcript/services/transcript.service.go:186.85,189.47 3 0
go-cover-parroto/internal/modules/transcript/services/transcript.service.go:189.47,192.3 2 0
go-cover-parroto/internal/modules/transcript/services/transcript.service.go:193.2,194.12 2 0
go-cover-parroto/internal/modules/user/user.controller.go:16.67,18.2 1 0
go-cover-parroto/internal/modules/user/user.controller.go:29.56,31.19 2 0
go-cover-parroto/internal/modules/user/user.controller.go:31.19,34.3 2 0
go-cover-parroto/internal/modules/user/user.controller.go:35.2,35.47 1 0
go-cover-parroto/internal/modules/user/user.module.go:12.54,18.2 5 0
go-cover-parroto/internal/modules/user/user.module.go:18.2,20.3 1 0
go-cover-parroto/internal/modules/user/repositories/user.repo.go:20.41,22.2 1 0
go-cover-parroto/internal/modules/user/repositories/user.repo.go:24.83,27.16 3 0
go-cover-parroto/internal/modules/user/repositories/user.repo.go:27.16,29.3 1 0
go-cover-parroto/internal/modules/user/repositories/user.repo.go:30.2,30.19 1 0
go-cover-parroto/internal/modules/user/services/user.service.go:20.63,22.2 1 0
go-cover-parroto/internal/modules/user/services/user.service.go:24.90,26.19 2 0
go-cover-parroto/internal/modules/user/services/user.service.go:26.19,28.3 1 0
go-cover-parroto/internal/modules/user/services/user.service.go:30.2,31.20 2 0
go-cover-parroto/internal/modules/user/services/user.service.go:31.20,33.3 1 0
go-cover-parroto/internal/modules/user/services/user.service.go:35.2,35.18 1 0
go-cover-parroto/internal/modules/vocabulary_category/vocabulary_category-admin.controller.go:20.119,22.2 1 0
go-cover-parroto/internal/modules/vocabulary_category/vocabulary_category-admin.controller.go:35.69,37.46 2 0
go-cover-parroto/internal/modules/vocabulary_category/vocabulary_category-admin.controller.go:37.46,40.3 2 0
go-cover-parroto/internal/modules/vocabulary_category/vocabulary_category-admin.controller.go:41.2,42.19 2 0
go-cover-parroto/internal/modules/vocabulary_category/vocabulary_category-admin.controller.go:42.19,45.3 2 0
go-cover-parroto/internal/modules/vocabulary_category/vocabulary_category-admin.controller.go:46.2,47.66 2 0
go-cover-parroto/internal/modules/vocabulary_category/vocabulary_category-admin.controller.go:47.66,50.3 2 0
go-cover-parroto/internal/modules/vocabulary_category/vocabulary_category-admin.controller.go:51.2,51.74 1 0
go-cover-parroto/internal/modules/vocabulary_category/vocabulary_category-admin.controller.go:65.72,67.16 2 0
go-cover-parroto/internal/modules/vocabulary_category/vocabulary_category-admin.controller.go:67.16,70.3 2 0
go-cover-parroto/internal/modules/vocabulary_category/vocabulary_category-admin.controller.go:71.2,72.19 2 0
go-cover-parroto/internal/modules/vocabulary_category/vocabulary_category-admin.controller.go:72.19,75.3 2 0
go-cover-parroto/internal/modules/vocabulary_category/vocabulary_category-admin.controller.go:76.2,77.58 2 0
go-cover-parroto/internal/modules/vocabulary_category/vocabulary_category-admin.controller.go:77.58,80.3 2 0
go-cover-parroto/internal/modules/vocabulary_category/vocabulary_category-admin.controller.go:81.2,81.49 1 0
go-cover-parroto/internal/modules/vocabulary_category/vocabulary_category-admin.controller.go:95.71,97.48 2 0
go-cover-parroto/internal/modules/vocabulary_category/vocabulary_category-admin.controller.go:97.48,100.3 2 0
go-cover-parroto/internal/modules/vocabulary_category/vocabulary_category-admin.controller.go:101.2,102.19 2 0
go-cover-parroto/internal/modules/vocabulary_category/vocabulary_category-admin.controller.go:102.19,105.3 2 0
go-cover-parroto/internal/modules/vocabulary_category/vocabulary_category-admin.controller.go:106.2,107.58 2 0
go-cover-parroto/internal/modules/vocabulary_category/vocabulary_category-admin.controller.go:107.58,110.3 2 0
go-cover-parroto/internal/modules/vocabulary_category/vocabulary_category-admin.controller.go:111.2,111.49 1 0
go-cover-parroto/internal/modules/vocabulary_category/vocabulary_category-admin.controller.go:126.71,128.16 2 0
go-cover-parroto/internal/modules/vocabulary_category/vocabulary_category-admin.controller.go:128.16,131.3 2 0
go-cover-parroto/internal/modules/vocabulary_category/vocabulary_category-admin.controller.go:132.2,133.48 2 0
go-cover-parroto/internal/modules/vocabulary_category/vocabulary_category-admin.controller.go:133.48,136.3 2 0
go-cover-parroto/internal/modules/vocabulary_category/vocabulary_category-admin.controller.go:137.2,138.19 2 0
go-cover-parroto/internal/modules/vocabulary_category/vocabulary_category-admin.controller.go:138.19,141.3 2 0
go-cover-parroto/internal/modules/vocabulary_category/vocabulary_category-admin.controller.go:142.2,143.58 2 0
go-cover-parroto/internal/modules/vocabulary_category/vocabulary_category-admin.controller.go:143.58,146.3 2 0
go-cover-parroto/internal/modules/vocabulary_category/vocabulary_category-admin.controller.go:147.2,147.49 1 0
go-cover-parroto/internal/modules/vocabulary_category/vocabulary_category-admin.controller.go:161.71,163.16 2 0
go-cover-parroto/internal/modules/vocabulary_category/vocabulary_category-admin.controller.go:163.16,166.3 2 0
go-cover-parroto/internal/modules/vocabulary_category/vocabulary_category-admin.controller.go:167.2,168.19 2 0
go-cover-parroto/internal/modules/vocabulary_category/vocabulary_category-admin.controller.go:168.19,171.3 2 0
go-cover-parroto/internal/modules/vocabulary_category/vocabulary_category-admin.controller.go:172.2,172.61 1 0
go-cover-parroto/internal/modules/vocabulary_category/vocabulary_category.controller.go:17.109,19.2 1 0
go-cover-parroto/internal/modules/vocabulary_category/vocabulary_category.controller.go:31.64,33.46 2 0
go-cover-parroto/internal/modules/vocabulary_category/vocabulary_category.controller.go:33.46,36.3 2 0
go-cover-parroto/internal/modules/vocabulary_category/vocabulary_category.controller.go:37.2,38.19 2 0
go-cover-parroto/internal/modules/vocabulary_category/vocabulary_category.controller.go:38.19,41.3 2 0
go-cover-parroto/internal/modules/vocabulary_category/vocabulary_category.controller.go:42.2,43.66 2 0
go-cover-parroto/internal/modules/vocabulary_category/vocabulary_category.controller.go:43.66,46.3 2 0
go-cover-parroto/internal/modules/vocabulary_category/vocabulary_category.controller.go:47.2,47.74 1 0
go-cover-parroto/internal/modules/vocabulary_category/vocabulary_category.module.go:13.54,22.2 7 0
go-cover-parroto/internal/modules/vocabulary_category/vocabulary_category.module.go:22.2,28.3 5 0
go-cover-parroto/internal/modules/vocabulary_category/dtos/req/vocabulary_category.req.go:10.64,12.2 1 0
go-cover-parroto/internal/modules/vocabulary_category/repositories/mock.go:20.153,22.24 2 0
go-cover-parroto/internal/modules/vocabulary_category/repositories/mock.go:22.24,24.3 1 0
go-cover-parroto/internal/modules/vocabulary_category/repositories/mock.go:25.2,25.91 1 0
go-cover-parroto/internal/modules/vocabulary_category/repositories/mock.go:28.113,30.24 2 0
go-cover-parroto/internal/modules/vocabulary_category/repositories/mock.go:30.24,32.3 1 0
go-cover-parroto/internal/modules/vocabulary_category/repositories/mock.go:33.2,33.64 1 0
go-cover-parroto/internal/modules/vocabulary_category/repositories/mock.go:36.109,39.2 2 0
go-cover-parroto/internal/modules/vocabulary_category/repositories/mock.go:41.109,44.2 2 0
go-cover-parroto/internal/modules/vocabulary_category/repositories/mock.go:46.81,49.2 2 0
go-cover-parroto/internal/modules/vocabulary_category/repositories/vocabulary_category.repo.go:19.78,21.2 1 0
go-cover-parroto/internal/modules/vocabulary_category/repositories/vocabulary_category.repo.go:23.149,32.16 7 0
go-cover-parroto/internal/modules/vocabulary_category/repositories/vocabulary_category.repo.go:32.16,34.3 1 0
go-cover-parroto/internal/modules/vocabulary_category/repositories/vocabulary_category.repo.go:36.2,40.8 2 0
go-cover-parroto/internal/modules/vocabulary_category/repositories/vocabulary_category.repo.go:43.109,46.16 3 0
go-cover-parroto/internal/modules/vocabulary_category/repositories/vocabulary_category.repo.go:46.16,48.3 1 0
go-cover-parroto/internal/modules/vocabulary_category/repositories/vocabulary_category.repo.go:49.2,49.23 1 0
go-cover-parroto/internal/modules/vocabulary_category/repositories/vocabulary_category.repo.go:52.105,54.2 1 0
go-cover-parroto/internal/modules/vocabulary_category/repositories/vocabulary_category.repo.go:56.105,58.2 1 0
go-cover-parroto/internal/modules/vocabulary_category/repositories/vocabulary_category.repo.go:60.77,62.2 1 0
go-cover-parroto/internal/modules/vocabulary_category/services/vocabulary_category.service.go:16.32,18.2 1 0
go-cover-parroto/internal/modules/vocabulary_category/services/vocabulary_category.service.go:32.101,34.2 1 0
go-cover-parroto/internal/modules/vocabulary_category/services/vocabulary_category.service.go:36.178,40.16 4 0
go-cover-parroto/internal/modules/vocabulary_category/services/vocabulary_category.service.go:40.16,43.3 2 0
go-cover-parroto/internal/modules/vocabulary_category/services/vocabulary_category.service.go:44.2,44.20 1 0
go-cover-parroto/internal/modules/vocabulary_category/services/vocabulary_category.service.go:47.124,51.16 4 0
go-cover-parroto/internal/modules/vocabulary_category/services/vocabulary_category.service.go:51.16,52.44 1 0
go-cover-parroto/internal/modules/vocabulary_category/services/vocabulary_category.service.go:52.44,54.4 1 0
go-cover-parroto/internal/modules/vocabulary_category/services/vocabulary_category.service.go:55.3,56.58 2 0
go-cover-parroto/internal/modules/vocabulary_category/services/vocabulary_category.service.go:58.2,58.22 1 0
go-cover-parroto/internal/modules/vocabulary_category/services/vocabulary_category.service.go:61.152,65.53 4 0
go-cover-parroto/internal/modules/vocabulary_category/services/vocabulary_category.service.go:65.53,68.3 2 0
go-cover-parroto/internal/modules/vocabulary_category/services/vocabulary_category.service.go:69.2,70.22 2 0
go-cover-parroto/internal/modules/vocabulary_category/services/vocabulary_category.service.go:73.161,77.16 4 0
go-cover-parroto/internal/modules/vocabulary_category/services/vocabulary_category.service.go:77.16,79.3 1 0
go-cover-parroto/internal/modules/vocabulary_category/services/vocabulary_category.service.go:80.2,82.65 3 0
go-cover-parroto/internal/modules/vocabulary_category/services/vocabulary_category.service.go:82.65,85.3 2 0
go-cover-parroto/internal/modules/vocabulary_category/services/vocabulary_category.service.go:86.2,87.22 2 0
go-cover-parroto/internal/modules/vocabulary_category/services/vocabulary_category.service.go:90.93,93.47 3 0
go-cover-parroto/internal/modules/vocabulary_category/services/vocabulary_category.service.go:93.47,96.3 2 0
go-cover-parroto/internal/modules/vocabulary_category/services/vocabulary_category.service.go:97.2,98.12 2 0
go-cover-parroto/internal/modules/vocabulary_deck/vocabulary_deck-admin.controller.go:20.107,22.2 1 0
go-cover-parroto/internal/modules/vocabulary_deck/vocabulary_deck-admin.controller.go:35.65,37.46 2 0
go-cover-parroto/internal/modules/vocabulary_deck/vocabulary_deck-admin.controller.go:37.46,40.3 2 0
go-cover-parroto/internal/modules/vocabulary_deck/vocabulary_deck-admin.controller.go:41.2,42.19 2 0
go-cover-parroto/internal/modules/vocabulary_deck/vocabulary_deck-admin.controller.go:42.19,45.3 2 0
go-cover-parroto/internal/modules/vocabulary_deck/vocabulary_deck-admin.controller.go:46.2,47.61 2 0
go-cover-parroto/internal/modules/vocabulary_deck/vocabulary_deck-admin.controller.go:47.61,50.3 2 0
go-cover-parroto/internal/modules/vocabulary_deck/vocabulary_deck-admin.controller.go:51.2,51.69 1 0
go-cover-parroto/internal/modules/vocabulary_deck/vocabulary_deck-admin.controller.go:64.67,66.48 2 0
go-cover-parroto/internal/modules/vocabulary_deck/vocabulary_deck-admin.controller.go:66.48,69.3 2 0
go-cover-parroto/internal/modules/vocabulary_deck/vocabulary_deck-admin.controller.go:70.2,71.19 2 0
go-cover-parroto/internal/modules/vocabulary_deck/vocabulary_deck-admin.controller.go:71.19,74.3 2 0
go-cover-parroto/internal/modules/vocabulary_deck/vocabulary_deck-admin.controller.go:75.2,76.54 2 0
go-cover-parroto/internal/modules/vocabulary_deck/vocabulary_deck-admin.controller.go:76.54,79.3 2 0
go-cover-parroto/internal/modules/vocabulary_deck/vocabulary_deck-admin.controller.go:80.2,80.49 1 0
go-cover-parroto/internal/modules/vocabulary_deck/vocabulary_deck-admin.controller.go:94.67,96.16 2 0
go-cover-parroto/internal/modules/vocabulary_deck/vocabulary_deck-admin.controller.go:96.16,99.3 2 0
go-cover-parroto/internal/modules/vocabulary_deck/vocabulary_deck-admin.controller.go:100.2,101.48 2 0
go-cover-parroto/internal/modules/vocabulary_deck/vocabulary_deck-admin.controller.go:101.48,104.3 2 0
go-cover-parroto/internal/modules/vocabulary_deck/vocabulary_deck-admin.controller.go:105.2,106.19 2 0
go-cover-parroto/internal/modules/vocabulary_deck/vocabulary_deck-admin.controller.go:106.19,109.3 2 0
go-cover-parroto/internal/modules/vocabulary_deck/vocabulary_deck-admin.controller.go:110.2,111.54 2 0
go-cover-parroto/internal/modules/vocabulary_deck/vocabulary_deck-admin.controller.go:111.54,114.3 2 0
go-cover-parroto/internal/modules/vocabulary_deck/vocabulary_deck-admin.controller.go:115.2,115.49 1 0
go-cover-parroto/internal/modules/vocabulary_deck/vocabulary_deck-admin.controller.go:128.67,130.16 2 0
go-cover-parroto/internal/modules/vocabulary_deck/vocabulary_deck-admin.controller.go:130.16,133.3 2 0
go-cover-parroto/internal/modules/vocabulary_deck/vocabulary_deck-admin.controller.go:134.2,135.19 2 0
go-cover-parroto/internal/modules/vocabulary_deck/vocabulary_deck-admin.controller.go:135.19,138.3 2 0
go-cover-parroto/internal/modules/vocabulary_deck/vocabulary_deck-admin.controller.go:139.2,139.57 1 0
go-cover-parroto/internal/modules/vocabulary_deck/vocabulary_deck.controller.go:19.97,21.2 1 0
go-cover-parroto/internal/modules/vocabulary_deck/vocabulary_deck.controller.go:33.67,35.46 2 0
go-cover-parroto/internal/modules/vocabulary_deck/vocabulary_deck.controller.go:35.46,38.3 2 0
go-cover-parroto/internal/modules/vocabulary_deck/vocabulary_deck.controller.go:39.2,40.19 2 0
go-cover-parroto/internal/modules/vocabulary_deck/vocabulary_deck.controller.go:40.19,43.3 2 0
go-cover-parroto/internal/modules/vocabulary_deck/vocabulary_deck.controller.go:44.2,45.61 2 0
go-cover-parroto/internal/modules/vocabulary_deck/vocabulary_deck.controller.go:45.61,48.3 2 0
go-cover-parroto/internal/modules/vocabulary_deck/vocabulary_deck.controller.go:49.2,49.69 1 0
go-cover-parroto/internal/modules/vocabulary_deck/vocabulary_deck.controller.go:63.66,65.46 2 0
go-cover-parroto/internal/modules/vocabulary_deck/vocabulary_deck.controller.go:65.46,68.3 2 0
go-cover-parroto/internal/modules/vocabulary_deck/vocabulary_deck.controller.go:69.2,70.19 2 0
go-cover-parroto/internal/modules/vocabulary_deck/vocabulary_deck.controller.go:70.19,73.3 2 0
go-cover-parroto/internal/modules/vocabulary_deck/vocabulary_deck.controller.go:74.2,75.61 2 0
go-cover-parroto/internal/modules/vocabulary_deck/vocabulary_deck.controller.go:75.61,78.3 2 0
go-cover-parroto/internal/modules/vocabulary_deck/vocabulary_deck.controller.go:79.2,79.69 1 0
go-cover-parroto/internal/modules/vocabulary_deck/vocabulary_deck.controller.go:82.59,86.46 2 0
go-cover-parroto/internal/modules/vocabulary_deck/vocabulary_deck.controller.go:86.46,89.3 2 0
go-cover-parroto/internal/modules/vocabulary_deck/vocabulary_deck.controller.go:90.2,91.19 2 0
go-cover-parroto/internal/modules/vocabulary_deck/vocabulary_deck.controller.go:91.19,94.3 2 0
go-cover-parroto/internal/modules/vocabulary_deck/vocabulary_deck.controller.go:95.2,96.54 2 0
go-cover-parroto/internal/modules/vocabulary_deck/vocabulary_deck.controller.go:96.54,99.3 2 0
go-cover-parroto/internal/modules/vocabulary_deck/vocabulary_deck.controller.go:100.2,100.49 1 0
go-cover-parroto/internal/modules/vocabulary_deck/vocabulary_deck.controller.go:114.62,116.48 2 0
go-cover-parroto/internal/modules/vocabulary_deck/vocabulary_deck.controller.go:116.48,119.3 2 0
go-cover-parroto/internal/modules/vocabulary_deck/vocabulary_deck.controller.go:120.2,121.19 2 0
go-cover-parroto/internal/modules/vocabulary_deck/vocabulary_deck.controller.go:121.19,124.3 2 0
go-cover-parroto/internal/modules/vocabulary_deck/vocabulary_deck.controller.go:125.2,126.54 2 0
go-cover-parroto/internal/modules/vocabulary_deck/vocabulary_deck.controller.go:126.54,129.3 2 0
go-cover-parroto/internal/modules/vocabulary_deck/vocabulary_deck.controller.go:130.2,130.49 1 0
go-cover-parroto/internal/modules/vocabulary_deck/vocabulary_deck.controller.go:144.62,148.46 2 0
go-cover-parroto/internal/modules/vocabulary_deck/vocabulary_deck.controller.go:148.46,151.3 2 0
go-cover-parroto/internal/modules/vocabulary_deck/vocabulary_deck.controller.go:152.2,153.48 2 0
go-cover-parroto/internal/modules/vocabulary_deck/vocabulary_deck.controller.go:153.48,156.3 2 0
go-cover-parroto/internal/modules/vocabulary_deck/vocabulary_deck.controller.go:157.2,158.19 2 0
go-cover-parroto/internal/modules/vocabulary_deck/vocabulary_deck.controller.go:158.19,161.3 2 0
go-cover-parroto/internal/modules/vocabulary_deck/vocabulary_deck.controller.go:162.2,163.54 2 0
go-cover-parroto/internal/modules/vocabulary_deck/vocabulary_deck.controller.go:163.54,166.3 2 0
go-cover-parroto/internal/modules/vocabulary_deck/vocabulary_deck.controller.go:167.2,167.49 1 0
go-cover-parroto/internal/modules/vocabulary_deck/vocabulary_deck.controller.go:180.62,184.46 2 0
go-cover-parroto/internal/modules/vocabulary_deck/vocabulary_deck.controller.go:184.46,187.3 2 0
go-cover-parroto/internal/modules/vocabulary_deck/vocabulary_deck.controller.go:188.2,189.19 2 0
go-cover-parroto/internal/modules/vocabulary_deck/vocabulary_deck.controller.go:189.19,192.3 2 0
go-cover-parroto/internal/modules/vocabulary_deck/vocabulary_deck.controller.go:193.2,193.57 1 0
go-cover-parroto/internal/modules/vocabulary_deck/vocabulary_deck.module.go:13.54,22.2 7 0
go-cover-parroto/internal/modules/vocabulary_deck/vocabulary_deck.module.go:22.2,28.3 5 0
go-cover-parroto/internal/modules/vocabulary_deck/vocabulary_deck.module.go:30.2,31.2 2 0
go-cover-parroto/internal/modules/vocabulary_deck/vocabulary_deck.module.go:31.2,36.3 4 0
go-cover-parroto/internal/modules/vocabulary_deck/dtos/req/vocabulary_deck.req.go:12.60,14.25 2 0
go-cover-parroto/internal/modules/vocabulary_deck/dtos/req/vocabulary_deck.req.go:14.25,16.3 1 0
go-cover-parroto/internal/modules/vocabulary_deck/dtos/req/vocabulary_deck.req.go:17.2,17.24 1 0
go-cover-parroto/internal/modules/vocabulary_deck/dtos/req/vocabulary_deck.req.go:17.24,19.3 1 0
go-cover-parroto/internal/modules/vocabulary_deck/dtos/req/vocabulary_deck.req.go:20.2,20.14 1 0
go-cover-parroto/internal/modules/vocabulary_deck/repositories/mock.go:20.145,22.24 2 0
go-cover-parroto/internal/modules/vocabulary_deck/repositories/mock.go:22.24,24.3 1 0
go-cover-parroto/internal/modules/vocabulary_deck/repositories/mock.go:25.2,25.87 1 0
go-cover-parroto/internal/modules/vocabulary_deck/repositories/mock.go:28.105,30.24 2 0
go-cover-parroto/internal/modules/vocabulary_deck/repositories/mock.go:30.24,32.3 1 0
go-cover-parroto/internal/modules/vocabulary_deck/repositories/mock.go:33.2,33.60 1 0
go-cover-parroto/internal/modules/vocabulary_deck/repositories/mock.go:36.97,39.2 2 0
go-cover-parroto/internal/modules/vocabulary_deck/repositories/mock.go:41.97,44.2 2 0
go-cover-parroto/internal/modules/vocabulary_deck/repositories/mock.go:46.77,49.2 2 0
go-cover-parroto/internal/modules/vocabulary_deck/repositories/vocabulary_deck.repo.go:19.70,21.2 1 0
go-cover-parroto/internal/modules/vocabulary_deck/repositories/vocabulary_deck.repo.go:23.141,32.16 7 0
go-cover-parroto/internal/modules/vocabulary_deck/repositories/vocabulary_deck.repo.go:32.16,34.3 1 0
go-cover-parroto/internal/modules/vocabulary_deck/repositories/vocabulary_deck.repo.go:36.2,40.8 2 0
go-cover-parroto/internal/modules/vocabulary_deck/repositories/vocabulary_deck.repo.go:43.101,46.16 3 0
go-cover-parroto/internal/modules/vocabulary_deck/repositories/vocabulary_deck.repo.go:46.16,48.3 1 0
go-cover-parroto/internal/modules/vocabulary_deck/repositories/vocabulary_deck.repo.go:49.2,49.19 1 0
go-cover-parroto/internal/modules/vocabulary_deck/repositories/vocabulary_deck.repo.go:52.93,54.2 1 0
go-cover-parroto/internal/modules/vocabulary_deck/repositories/vocabulary_deck.repo.go:56.93,58.2 1 0
go-cover-parroto/internal/modules/vocabulary_deck/repositories/vocabulary_deck.repo.go:60.73,62.2 1 0
go-cover-parroto/internal/modules/vocabulary_deck/services/vocabulary_deck.service.go:17.32,19.2 1 0
go-cover-parroto/internal/modules/vocabulary_deck/services/vocabulary_deck.service.go:38.89,40.2 1 0
go-cover-parroto/internal/modules/vocabulary_deck/services/vocabulary_deck.service.go:42.166,46.16 4 0
go-cover-parroto/internal/modules/vocabulary_deck/services/vocabulary_deck.service.go:46.16,49.3 2 0
go-cover-parroto/internal/modules/vocabulary_deck/services/vocabulary_deck.service.go:50.2,50.20 1 0
go-cover-parroto/internal/modules/vocabulary_deck/services/vocabulary_deck.service.go:53.173,59.16 6 0
go-cover-parroto/internal/modules/vocabulary_deck/services/vocabulary_deck.service.go:59.16,62.3 2 0
go-cover-parroto/internal/modules/vocabulary_deck/services/vocabulary_deck.service.go:63.2,63.20 1 0
go-cover-parroto/internal/modules/vocabulary_deck/services/vocabulary_deck.service.go:66.172,68.19 2 0
go-cover-parroto/internal/modules/vocabulary_deck/services/vocabulary_deck.service.go:68.19,70.3 1 0
go-cover-parroto/internal/modules/vocabulary_deck/services/vocabulary_deck.service.go:71.2,76.16 6 0
go-cover-parroto/internal/modules/vocabulary_deck/services/vocabulary_deck.service.go:76.16,79.3 2 0
go-cover-parroto/internal/modules/vocabulary_deck/services/vocabulary_deck.service.go:80.2,80.20 1 0
go-cover-parroto/internal/modules/vocabulary_deck/services/vocabulary_deck.service.go:83.116,87.16 4 0
go-cover-parroto/internal/modules/vocabulary_deck/services/vocabulary_deck.service.go:87.16,88.44 1 0
go-cover-parroto/internal/modules/vocabulary_deck/services/vocabulary_deck.service.go:88.44,90.4 1 0
go-cover-parroto/internal/modules/vocabulary_deck/services/vocabulary_deck.service.go:91.3,92.54 2 0
go-cover-parroto/internal/modules/vocabulary_deck/services/vocabulary_deck.service.go:94.2,94.18 1 0
go-cover-parroto/internal/modules/vocabulary_deck/services/vocabulary_deck.service.go:97.140,99.16 2 0
go-cover-parroto/internal/modules/vocabulary_deck/services/vocabulary_deck.service.go:99.16,101.3 1 0
go-cover-parroto/internal/modules/vocabulary_deck/services/vocabulary_deck.service.go:103.2,112.61 4 0
go-cover-parroto/internal/modules/vocabulary_deck/services/vocabulary_deck.service.go:112.61,115.3 2 0
go-cover-parroto/internal/modules/vocabulary_deck/services/vocabulary_deck.service.go:116.2,117.18 2 0
go-cover-parroto/internal/modules/vocabulary_deck/services/vocabulary_deck.service.go:120.149,124.16 4 0
go-cover-parroto/internal/modules/vocabulary_deck/services/vocabulary_deck.service.go:124.16,125.44 1 0
go-cover-parroto/internal/modules/vocabulary_deck/services/vocabulary_deck.service.go:125.44,127.4 1 0
go-cover-parroto/internal/modules/vocabulary_deck/services/vocabulary_deck.service.go:128.3,128.54 1 0
go-cover-parroto/internal/modules/vocabulary_deck/services/vocabulary_deck.service.go:131.2,131.24 1 0
go-cover-parroto/internal/modules/vocabulary_deck/services/vocabulary_deck.service.go:131.24,132.63 1 0
go-cover-parroto/internal/modules/vocabulary_deck/services/vocabulary_deck.service.go:132.63,134.4 1 0
go-cover-parroto/internal/modules/vocabulary_deck/services/vocabulary_deck.service.go:137.2,141.61 5 0
go-cover-parroto/internal/modules/vocabulary_deck/services/vocabulary_deck.service.go:141.61,144.3 2 0
go-cover-parroto/internal/modules/vocabulary_deck/services/vocabulary_deck.service.go:145.2,146.18 2 0
go-cover-parroto/internal/modules/vocabulary_deck/services/vocabulary_deck.service.go:149.89,153.16 4 0
go-cover-parroto/internal/modules/vocabulary_deck/services/vocabulary_deck.service.go:153.16,154.44 1 0
go-cover-parroto/internal/modules/vocabulary_deck/services/vocabulary_deck.service.go:154.44,156.4 1 0
go-cover-parroto/internal/modules/vocabulary_deck/services/vocabulary_deck.service.go:157.3,157.49 1 0
go-cover-parroto/internal/modules/vocabulary_deck/services/vocabulary_deck.service.go:160.2,160.24 1 0
go-cover-parroto/internal/modules/vocabulary_deck/services/vocabulary_deck.service.go:160.24,161.63 1 0
go-cover-parroto/internal/modules/vocabulary_deck/services/vocabulary_deck.service.go:161.63,163.4 1 0
go-cover-parroto/internal/modules/vocabulary_deck/services/vocabulary_deck.service.go:166.2,166.53 1 0
go-cover-parroto/internal/modules/vocabulary_deck/services/vocabulary_deck.service.go:166.53,169.3 2 0
go-cover-parroto/internal/modules/vocabulary_deck/services/vocabulary_deck.service.go:170.2,171.12 2 0
go-cover-parroto/internal/modules/vocabulary_deck/services/vocabulary_deck.service.go:174.148,184.61 4 0
go-cover-parroto/internal/modules/vocabulary_deck/services/vocabulary_deck.service.go:184.61,187.3 2 0
go-cover-parroto/internal/modules/vocabulary_deck/services/vocabulary_deck.service.go:188.2,189.18 2 0
go-cover-parroto/internal/modules/vocabulary_deck/services/vocabulary_deck.service.go:192.157,196.16 4 0
go-cover-parroto/internal/modules/vocabulary_deck/services/vocabulary_deck.service.go:196.16,197.44 1 0
go-cover-parroto/internal/modules/vocabulary_deck/services/vocabulary_deck.service.go:197.44,199.4 1 0
go-cover-parroto/internal/modules/vocabulary_deck/services/vocabulary_deck.service.go:200.3,200.54 1 0
go-cover-parroto/internal/modules/vocabulary_deck/services/vocabulary_deck.service.go:203.2,207.61 5 0
go-cover-parroto/internal/modules/vocabulary_deck/services/vocabulary_deck.service.go:207.61,210.3 2 0
go-cover-parroto/internal/modules/vocabulary_deck/services/vocabulary_deck.service.go:211.2,212.18 2 0
go-cover-parroto/internal/modules/vocabulary_deck/services/vocabulary_deck.service.go:215.97,219.16 4 0
go-cover-parroto/internal/modules/vocabulary_deck/services/vocabulary_deck.service.go:219.16,220.44 1 0
go-cover-parroto/internal/modules/vocabulary_deck/services/vocabulary_deck.service.go:220.44,222.4 1 0
go-cover-parroto/internal/modules/vocabulary_deck/services/vocabulary_deck.service.go:223.3,223.49 1 0
go-cover-parroto/internal/modules/vocabulary_deck/services/vocabulary_deck.service.go:225.2,225.53 1 0
go-cover-parroto/internal/modules/vocabulary_deck/services/vocabulary_deck.service.go:225.53,228.3 2 0
go-cover-parroto/internal/modules/vocabulary_deck/services/vocabulary_deck.service.go:229.2,230.12 2 0
go-cover-parroto/internal/modules/vocabulary_item/vocabulary_item-admin.controller.go:20.107,22.2 1 0
go-cover-parroto/internal/modules/vocabulary_item/vocabulary_item-admin.controller.go:35.65,39.46 2 0
go-cover-parroto/internal/modules/vocabulary_item/vocabulary_item-admin.controller.go:39.46,42.3 2 0
go-cover-parroto/internal/modules/vocabulary_item/vocabulary_item-admin.controller.go:43.2,44.46 2 0
go-cover-parroto/internal/modules/vocabulary_item/vocabulary_item-admin.controller.go:44.46,47.3 2 0
go-cover-parroto/internal/modules/vocabulary_item/vocabulary_item-admin.controller.go:48.2,51.19 3 0
go-cover-parroto/internal/modules/vocabulary_item/vocabulary_item-admin.controller.go:51.19,54.3 2 0
go-cover-parroto/internal/modules/vocabulary_item/vocabulary_item-admin.controller.go:55.2,56.61 2 0
go-cover-parroto/internal/modules/vocabulary_item/vocabulary_item-admin.controller.go:56.61,59.3 2 0
go-cover-parroto/internal/modules/vocabulary_item/vocabulary_item-admin.controller.go:60.2,60.69 1 0
go-cover-parroto/internal/modules/vocabulary_item/vocabulary_item-admin.controller.go:74.67,78.46 2 0
go-cover-parroto/internal/modules/vocabulary_item/vocabulary_item-admin.controller.go:78.46,81.3 2 0
go-cover-parroto/internal/modules/vocabulary_item/vocabulary_item-admin.controller.go:82.2,83.48 2 0
go-cover-parroto/internal/modules/vocabulary_item/vocabulary_item-admin.controller.go:83.48,86.3 2 0
go-cover-parroto/internal/modules/vocabulary_item/vocabulary_item-admin.controller.go:88.2,100.19 3 0
go-cover-parroto/internal/modules/vocabulary_item/vocabulary_item-admin.controller.go:100.19,103.3 2 0
go-cover-parroto/internal/modules/vocabulary_item/vocabulary_item-admin.controller.go:104.2,105.54 2 0
[...]
go-cover-parroto/internal/modules/user/services/user.service.go:20.63,22.2 1 0
go-cover-parroto/internal/modules/user/services/user.service.go:24.90,26.19 2 0
go-cover-parroto/internal/modules/user/services/user.service.go:26.19,28.3 1 0
go-cover-parroto/internal/modules/user/services/user.service.go:30.2,31.20 2 0
go-cover-parroto/internal/modules/user/services/user.service.go:31.20,33.3 1 0
go-cover-parroto/internal/modules/user/services/user.service.go:35.2,35.18 1 0
go-cover-parroto/internal/modules/vocabulary_category/dtos/req/vocabulary_category.req.go:10.64,12.2 1 0
go-cover-parroto/internal/modules/vocabulary_deck/vocabulary_deck-admin.controller.go:20.107,22.2 1 0
go-cover-parroto/internal/modules/vocabulary_deck/vocabulary_deck-admin.controller.go:35.65,37.46 2 0
go-cover-parroto/internal/modules/vocabulary_deck/vocabulary_deck-admin.controller.go:37.46,40.3 2 0
go-cover-parroto/internal/modules/vocabulary_deck/vocabulary_deck-admin.controller.go:41.2,42.19 2 0
go-cover-parroto/internal/modules/vocabulary_deck/vocabulary_deck-admin.controller.go:42.19,45.3 2 0
go-cover-parroto/internal/modules/vocabulary_deck/vocabulary_deck-admin.controller.go:46.2,47.61 2 0
go-cover-parroto/internal/modules/vocabulary_deck/vocabulary_deck-admin.controller.go:47.61,50.3 2 0
go-cover-parroto/internal/modules/vocabulary_deck/vocabulary_deck-admin.controller.go:51.2,51.69 1 0
go-cover-parroto/internal/modules/vocabulary_deck/vocabulary_deck-admin.controller.go:64.67,66.48 2 0
go-cover-parroto/internal/modules/vocabulary_deck/vocabulary_deck-admin.controller.go:66.48,69.3 2 0
go-cover-parroto/internal/modules/vocabulary_deck/vocabulary_deck-admin.controller.go:70.2,71.19 2 0
go-cover-parroto/internal/modules/vocabulary_deck/vocabulary_deck-admin.controller.go:71.19,74.3 2 0
go-cover-parroto/internal/modules/vocabulary_deck/vocabulary_deck-admin.controller.go:75.2,76.54 2 0
go-cover-parroto/internal/modules/vocabulary_deck/vocabulary_deck-admin.controller.go:76.54,79.3 2 0
go-cover-parroto/internal/modules/vocabulary_deck/vocabulary_deck-admin.controller.go:80.2,80.49 1 0
go-cover-parroto/internal/modules/vocabulary_deck/vocabulary_deck-admin.controller.go:94.67,96.16 2 0
go-cover-parroto/internal/modules/vocabulary_deck/vocabulary_deck-admin.controller.go:96.16,99.3 2 0
go-cover-parroto/internal/modules/vocabulary_deck/vocabulary_deck-admin.controller.go:100.2,101.48 2 0
go-cover-parroto/internal/modules/vocabulary_deck/vocabulary_deck-admin.controller.go:101.48,104.3 2 0
go-cover-parroto/internal/modules/vocabulary_deck/vocabulary_deck-admin.controller.go:105.2,106.19 2 0
go-cover-parroto/internal/modules/vocabulary_deck/vocabulary_deck-admin.controller.go:106.19,109.3 2 0
go-cover-parroto/internal/modules/vocabulary_deck/vocabulary_deck-admin.controller.go:110.2,111.54 2 0
go-cover-parroto/internal/modules/vocabulary_deck/vocabulary_deck-admin.controller.go:111.54,114.3 2 0
go-cover-parroto/internal/modules/vocabulary_deck/vocabulary_deck-admin.controller.go:115.2,115.49 1 0
go-cover-parroto/internal/modules/vocabulary_deck/vocabulary_deck-admin.controller.go:128.67,130.16 2 0
go-cover-parroto/internal/modules/vocabulary_deck/vocabulary_deck-admin.controller.go:130.16,133.3 2 0
go-cover-parroto/internal/modules/vocabulary_deck/vocabulary_deck-admin.controller.go:134.2,135.19 2 0
go-cover-parroto/internal/modules/vocabulary_deck/vocabulary_deck-admin.controller.go:135.19,138.3 2 0
go-cover-parroto/internal/modules/vocabulary_deck/vocabulary_deck-admin.controller.go:139.2,139.57 1 0
go-cover-parroto/internal/modules/vocabulary_deck/vocabulary_deck.controller.go:19.97,21.2 1 0
go-cover-parroto/internal/modules/vocabulary_deck/vocabulary_deck.controller.go:33.67,35.46 2 0
go-cover-parroto/internal/modules/vocabulary_deck/vocabulary_deck.controller.go:35.46,38.3 2 0
go-cover-parroto/internal/modules/vocabulary_deck/vocabulary_deck.controller.go:39.2,40.19 2 0
go-cover-parroto/internal/modules/vocabulary_deck/vocabulary_deck.controller.go:40.19,43.3 2 0
go-cover-parroto/internal/modules/vocabulary_deck/vocabulary_deck.controller.go:44.2,45.61 2 0
go-cover-parroto/internal/modules/vocabulary_deck/vocabulary_deck.controller.go:45.61,48.3 2 0
go-cover-parroto/internal/modules/vocabulary_deck/vocabulary_deck.controller.go:49.2,49.69 1 0
go-cover-parroto/internal/modules/vocabulary_deck/vocabulary_deck.controller.go:63.66,65.46 2 0
go-cover-parroto/internal/modules/vocabulary_deck/vocabulary_deck.controller.go:65.46,68.3 2 0
go-cover-parroto/internal/modules/vocabulary_deck/vocabulary_deck.controller.go:69.2,70.19 2 0
go-cover-parroto/internal/modules/vocabulary_deck/vocabulary_deck.controller.go:70.19,73.3 2 0
go-cover-parroto/internal/modules/vocabulary_deck/vocabulary_deck.controller.go:74.2,75.61 2 0
go-cover-parroto/internal/modules/vocabulary_deck/vocabulary_deck.controller.go:75.61,78.3 2 0
go-cover-parroto/internal/modules/vocabulary_deck/vocabulary_deck.controller.go:79.2,79.69 1 0
go-cover-parroto/internal/modules/vocabulary_deck/vocabulary_deck.controller.go:82.59,86.46 2 0
go-cover-parroto/internal/modules/vocabulary_deck/vocabulary_deck.controller.go:86.46,89.3 2 0
go-cover-parroto/internal/modules/vocabulary_deck/vocabulary_deck.controller.go:90.2,91.19 2 0
go-cover-parroto/internal/modules/vocabulary_deck/vocabulary_deck.controller.go:91.19,94.3 2 0
go-cover-parroto/internal/modules/vocabulary_deck/vocabulary_deck.controller.go:95.2,96.54 2 0
go-cover-parroto/internal/modules/vocabulary_deck/vocabulary_deck.controller.go:96.54,99.3 2 0
go-cover-parroto/internal/modules/vocabulary_deck/vocabulary_deck.controller.go:100.2,100.49 1 0
go-cover-parroto/internal/modules/vocabulary_deck/vocabulary_deck.controller.go:114.62,116.48 2 0
go-cover-parroto/internal/modules/vocabulary_deck/vocabulary_deck.controller.go:116.48,119.3 2 0
go-cover-parroto/internal/modules/vocabulary_deck/vocabulary_deck.controller.go:120.2,121.19 2 0
go-cover-parroto/internal/modules/vocabulary_deck/vocabulary_deck.controller.go:121.19,124.3 2 0
go-cover-parroto/internal/modules/vocabulary_deck/vocabulary_deck.controller.go:125.2,126.54 2 0
go-cover-parroto/internal/modules/vocabulary_deck/vocabulary_deck.controller.go:126.54,129.3 2 0
go-cover-parroto/internal/modules/vocabulary_deck/vocabulary_deck.controller.go:130.2,130.49 1 0
go-cover-parroto/internal/modules/vocabulary_deck/vocabulary_deck.controller.go:144.62,148.46 2 0
go-cover-parroto/internal/modules/vocabulary_deck/vocabulary_deck.controller.go:148.46,151.3 2 0
go-cover-parroto/internal/modules/vocabulary_deck/vocabulary_deck.controller.go:152.2,153.48 2 0
go-cover-parroto/internal/modules/vocabulary_deck/vocabulary_deck.controller.go:153.48,156.3 2 0
go-cover-parroto/internal/modules/vocabulary_deck/vocabulary_deck.controller.go:157.2,158.19 2 0
go-cover-parroto/internal/modules/vocabulary_deck/vocabulary_deck.controller.go:158.19,161.3 2 0
go-cover-parroto/internal/modules/vocabulary_deck/vocabulary_deck.controller.go:162.2,163.54 2 0
go-cover-parroto/internal/modules/vocabulary_deck/vocabulary_deck.controller.go:163.54,166.3 2 0
go-cover-parroto/internal/modules/vocabulary_deck/vocabulary_deck.controller.go:167.2,167.49 1 0
go-cover-parroto/internal/modules/vocabulary_deck/vocabulary_deck.controller.go:180.62,184.46 2 0
go-cover-parroto/internal/modules/vocabulary_deck/vocabulary_deck.controller.go:184.46,187.3 2 0
go-cover-parroto/internal/modules/vocabulary_deck/vocabulary_deck.controller.go:188.2,189.19 2 0
go-cover-parroto/internal/modules/vocabulary_deck/vocabulary_deck.controller.go:189.19,192.3 2 0
go-cover-parroto/internal/modules/vocabulary_deck/vocabulary_deck.controller.go:193.2,193.57 1 0
go-cover-parroto/internal/modules/vocabulary_deck/vocabulary_deck.module.go:13.54,22.2 7 0
go-cover-parroto/internal/modules/vocabulary_deck/vocabulary_deck.module.go:22.2,28.3 5 0
go-cover-parroto/internal/modules/vocabulary_deck/vocabulary_deck.module.go:30.2,31.2 2 0
go-cover-parroto/internal/modules/vocabulary_deck/vocabulary_deck.module.go:31.2,36.3 4 0
go-cover-parroto/internal/modules/vocabulary_deck/dtos/req/vocabulary_deck.req.go:12.60,14.25 2 0
go-cover-parroto/internal/modules/vocabulary_deck/dtos/req/vocabulary_deck.req.go:14.25,16.3 1 0
go-cover-parroto/internal/modules/vocabulary_deck/dtos/req/vocabulary_deck.req.go:17.2,17.24 1 0
go-cover-parroto/internal/modules/vocabulary_deck/dtos/req/vocabulary_deck.req.go:17.24,19.3 1 0
go-cover-parroto/internal/modules/vocabulary_deck/dtos/req/vocabulary_deck.req.go:20.2,20.14 1 0
go-cover-parroto/internal/utils/dto.util.go:5.59,7.2 1 0
go-cover-parroto/internal/utils/dto.util.go:9.60,11.2 1 0
go-cover-parroto/internal/utils/env.util.go:8.37,9.38 1 0
go-cover-parroto/internal/utils/env.util.go:9.38,11.3 1 0
go-cover-parroto/internal/utils/env.util.go:12.2,12.12 1 0
go-cover-parroto/internal/utils/env.util.go:15.41,16.38 1 0
go-cover-parroto/internal/utils/env.util.go:16.38,17.46 1 0
go-cover-parroto/internal/utils/env.util.go:17.46,19.4 1 0
go-cover-parroto/internal/utils/env.util.go:21.2,21.12 1 0
go-cover-parroto/internal/modules/vocabulary_item/repositories/mock.go:20.145,22.24 2 0
go-cover-parroto/internal/modules/vocabulary_item/repositories/mock.go:22.24,24.3 1 0
go-cover-parroto/internal/modules/vocabulary_item/repositories/mock.go:25.2,25.87 1 0
go-cover-parroto/internal/modules/vocabulary_item/repositories/mock.go:28.105,30.24 2 0
go-cover-parroto/internal/modules/vocabulary_item/repositories/mock.go:30.24,32.3 1 0
go-cover-parroto/internal/modules/vocabulary_item/repositories/mock.go:33.2,33.60 1 0
go-cover-parroto/internal/modules/vocabulary_item/repositories/mock.go:36.97,39.2 2 0
go-cover-parroto/internal/modules/vocabulary_item/repositories/mock.go:41.97,44.2 2 0
go-cover-parroto/internal/modules/vocabulary_item/repositories/mock.go:46.77,49.2 2 0
go-cover-parroto/internal/modules/vocabulary_item/repositories/vocabulary_item.repo.go:19.70,21.2 1 0
go-cover-parroto/internal/modules/vocabulary_item/repositories/vocabulary_item.repo.go:23.141,32.16 7 0
go-cover-parroto/internal/modules/vocabulary_item/repositories/vocabulary_item.repo.go:32.16,34.3 1 0
go-cover-parroto/internal/modules/vocabulary_item/repositories/vocabulary_item.repo.go:36.2,40.8 2 0
go-cover-parroto/internal/modules/vocabulary_item/repositories/vocabulary_item.repo.go:43.101,46.16 3 0
go-cover-parroto/internal/modules/vocabulary_item/repositories/vocabulary_item.repo.go:46.16,48.3 1 0
go-cover-parroto/internal/modules/vocabulary_item/repositories/vocabulary_item.repo.go:49.2,49.19 1 0
go-cover-parroto/internal/modules/vocabulary_item/repositories/vocabulary_item.repo.go:52.93,54.2 1 0
go-cover-parroto/internal/modules/vocabulary_item/repositories/vocabulary_item.repo.go:56.93,58.2 1 0
go-cover-parroto/internal/modules/vocabulary_item/repositories/vocabulary_item.repo.go:60.73,62.2 1 0
go-cover-parroto/internal/modules/vocabulary_item/vocabulary_item-admin.controller.go:20.107,22.2 1 0
go-cover-parroto/internal/modules/vocabulary_item/vocabulary_item-admin.controller.go:35.65,39.46 2 0
go-cover-parroto/internal/modules/vocabulary_item/vocabulary_item-admin.controller.go:39.46,42.3 2 0
go-cover-parroto/internal/modules/vocabulary_item/vocabulary_item-admin.controller.go:43.2,44.46 2 0
go-cover-parroto/internal/modules/vocabulary_item/vocabulary_item-admin.controller.go:44.46,47.3 2 0
go-cover-parroto/internal/modules/vocabulary_item/vocabulary_item-admin.controller.go:48.2,51.19 3 0
go-cover-parroto/internal/modules/vocabulary_item/vocabulary_item-admin.controller.go:51.19,54.3 2 0
go-cover-parroto/internal/modules/vocabulary_item/vocabulary_item-admin.controller.go:55.2,56.61 2 0
go-cover-parroto/internal/modules/vocabulary_item/vocabulary_item-admin.controller.go:56.61,59.3 2 0
go-cover-parroto/internal/modules/vocabulary_item/vocabulary_item-admin.controller.go:60.2,60.69 1 0
go-cover-parroto/internal/modules/vocabulary_item/vocabulary_item-admin.controller.go:74.67,78.46 2 0
go-cover-parroto/internal/modules/vocabulary_item/vocabulary_item-admin.controller.go:78.46,81.3 2 0
go-cover-parroto/internal/modules/vocabulary_item/vocabulary_item-admin.controller.go:82.2,83.48 2 0
go-cover-parroto/internal/modules/vocabulary_item/vocabulary_item-admin.controller.go:83.48,86.3 2 0
go-cover-parroto/internal/modules/vocabulary_item/vocabulary_item-admin.controller.go:88.2,100.19 3 0
go-cover-parroto/internal/modules/vocabulary_item/vocabulary_item-admin.controller.go:100.19,103.3 2 0
go-cover-parroto/internal/modules/vocabulary_item/vocabulary_item-admin.controller.go:104.2,105.54 2 0
go-cover-parroto/internal/modules/vocabulary_item/vocabulary_item-admin.controller.go:105.54,108.3 2 0
go-cover-parroto/internal/modules/vocabulary_item/vocabulary_item-admin.controller.go:109.2,109.49 1 0
go-cover-parroto/internal/modules/vocabulary_item/vocabulary_item-admin.controller.go:123.67,125.16 2 0
go-cover-parroto/internal/modules/vocabulary_item/vocabulary_item-admin.controller.go:125.16,128.3 2 0
go-cover-parroto/internal/modules/vocabulary_item/vocabulary_item-admin.controller.go:129.2,130.48 2 0
go-cover-parroto/internal/modules/vocabulary_item/vocabulary_item-admin.controller.go:130.48,133.3 2 0
go-cover-parroto/internal/modules/vocabulary_item/vocabulary_item-admin.controller.go:134.2,135.19 2 0
go-cover-parroto/internal/modules/vocabulary_item/vocabulary_item-admin.controller.go:135.19,138.3 2 0
go-cover-parroto/internal/modules/vocabulary_item/vocabulary_item-admin.controller.go:139.2,140.54 2 0
go-cover-parroto/internal/modules/vocabulary_item/vocabulary_item-admin.controller.go:140.54,143.3 2 0
go-cover-parroto/internal/modules/vocabulary_item/vocabulary_item-admin.controller.go:144.2,144.49 1 0
go-cover-parroto/internal/modules/vocabulary_item/vocabulary_item-admin.controller.go:157.67,159.16 2 0
go-cover-parroto/internal/modules/vocabulary_item/vocabulary_item-admin.controller.go:159.16,162.3 2 0
go-cover-parroto/internal/modules/vocabulary_item/vocabulary_item-admin.controller.go:163.2,164.19 2 0
go-cover-parroto/internal/modules/vocabulary_item/vocabulary_item-admin.controller.go:164.19,167.3 2 0
go-cover-parroto/internal/modules/vocabulary_item/vocabulary_item-admin.controller.go:168.2,168.57 1 0
go-cover-parroto/internal/modules/vocabulary_item/vocabulary_item.controller.go:17.97,19.2 1 0
go-cover-parroto/internal/modules/vocabulary_item/vocabulary_item.controller.go:31.60,35.46 2 0
go-cover-parroto/internal/modules/vocabulary_item/vocabulary_item.controller.go:35.46,38.3 2 0
go-cover-parroto/internal/modules/vocabulary_item/vocabulary_item.controller.go:39.2,40.46 2 0
go-cover-parroto/internal/modules/vocabulary_item/vocabulary_item.controller.go:40.46,43.3 2 0
go-cover-parroto/internal/modules/vocabulary_item/vocabulary_item.controller.go:44.2,47.19 3 0
go-cover-parroto/internal/modules/vocabulary_item/vocabulary_item.controller.go:47.19,50.3 2 0
go-cover-parroto/internal/modules/vocabulary_item/vocabulary_item.controller.go:51.2,52.61 2 0
go-cover-parroto/internal/modules/vocabulary_item/vocabulary_item.controller.go:52.61,55.3 2 0
go-cover-parroto/internal/modules/vocabulary_item/vocabulary_item.controller.go:56.2,56.69 1 0
go-cover-parroto/internal/modules/vocabulary_item/vocabulary_item.controller.go:70.62,72.47 2 0
go-cover-parroto/internal/modules/vocabulary_item/vocabulary_item.controller.go:72.47,75.3 2 0
go-cover-parroto/internal/modules/vocabulary_item/vocabulary_item.controller.go:76.2,76.48 1 0
go-cover-parroto/internal/modules/vocabulary_item/vocabulary_item.controller.go:76.48,79.3 2 0
go-cover-parroto/internal/modules/vocabulary_item/vocabulary_item.controller.go:80.2,81.19 2 0
go-cover-parroto/internal/modules/vocabulary_item/vocabulary_item.controller.go:81.19,84.3 2 0
go-cover-parroto/internal/modules/vocabulary_item/vocabulary_item.controller.go:85.2,86.54 2 0
go-cover-parroto/internal/modules/vocabulary_item/vocabulary_item.controller.go:86.54,89.3 2 0
go-cover-parroto/internal/modules/vocabulary_item/vocabulary_item.controller.go:90.2,90.49 1 0
go-cover-parroto/internal/modules/vocabulary_item/vocabulary_item.controller.go:104.62,108.46 2 0
go-cover-parroto/internal/modules/vocabulary_item/vocabulary_item.controller.go:108.46,111.3 2 0
go-cover-parroto/internal/modules/vocabulary_item/vocabulary_item.controller.go:112.2,113.48 2 0
go-cover-parroto/internal/modules/vocabulary_item/vocabulary_item.controller.go:113.48,116.3 2 0
go-cover-parroto/internal/modules/vocabulary_item/vocabulary_item.controller.go:117.2,118.19 2 0
go-cover-parroto/internal/modules/vocabulary_item/vocabulary_item.controller.go:118.19,121.3 2 0
go-cover-parroto/internal/modules/vocabulary_item/vocabulary_item.controller.go:122.2,123.54 2 0
go-cover-parroto/internal/modules/vocabulary_item/vocabulary_item.controller.go:123.54,126.3 2 0
go-cover-parroto/internal/modules/vocabulary_item/vocabulary_item.controller.go:127.2,127.49 1 0
go-cover-parroto/internal/modules/vocabulary_item/vocabulary_item.controller.go:140.62,144.46 2 0
go-cover-parroto/internal/modules/vocabulary_item/vocabulary_item.controller.go:144.46,147.3 2 0
go-cover-parroto/internal/modules/vocabulary_item/vocabulary_item.controller.go:148.2,149.19 2 0
go-cover-parroto/internal/modules/vocabulary_item/vocabulary_item.controller.go:149.19,152.3 2 0
go-cover-parroto/internal/modules/vocabulary_item/vocabulary_item.controller.go:153.2,153.57 1 0
go-cover-parroto/internal/modules/vocabulary_item/vocabulary_item.module.go:14.54,24.2 8 0
go-cover-parroto/internal/modules/vocabulary_item/vocabulary_item.module.go:24.2,30.3 3 0
go-cover-parroto/internal/modules/vocabulary_item/vocabulary_item.module.go:32.2,33.2 2 0
go-cover-parroto/internal/modules/vocabulary_item/vocabulary_item.module.go:33.2,38.3 4 0
go-cover-parroto/internal/modules/vocabulary_category/repositories/mock.go:20.153,22.24 2 0
go-cover-parroto/internal/modules/vocabulary_category/repositories/mock.go:22.24,24.3 1 0
go-cover-parroto/internal/modules/vocabulary_category/repositories/mock.go:25.2,25.91 1 0
go-cover-parroto/internal/modules/vocabulary_category/repositories/mock.go:28.113,30.24 2 0
go-cover-parroto/internal/modules/vocabulary_category/repositories/mock.go:30.24,32.3 1 0
go-cover-parroto/internal/modules/vocabulary_category/repositories/mock.go:33.2,33.64 1 0
go-cover-parroto/internal/modules/vocabulary_category/repositories/mock.go:36.109,39.2 2 0
go-cover-parroto/internal/modules/vocabulary_category/repositories/mock.go:41.109,44.2 2 0
go-cover-parroto/internal/modules/vocabulary_category/repositories/mock.go:46.81,49.2 2 0
go-cover-parroto/internal/modules/vocabulary_category/repositories/vocabulary_category.repo.go:19.78,21.2 1 0
go-cover-parroto/internal/modules/vocabulary_category/repositories/vocabulary_category.repo.go:23.149,32.16 7 0
go-cover-parroto/internal/modules/vocabulary_category/repositories/vocabulary_category.repo.go:32.16,34.3 1 0
go-cover-parroto/internal/modules/vocabulary_category/repositories/vocabulary_category.repo.go:36.2,40.8 2 0
go-cover-parroto/internal/modules/vocabulary_category/repositories/vocabulary_category.repo.go:43.109,46.16 3 0
go-cover-parroto/internal/modules/vocabulary_category/repositories/vocabulary_category.repo.go:46.16,48.3 1 0
go-cover-parroto/internal/modules/vocabulary_category/repositories/vocabulary_category.repo.go:49.2,49.23 1 0
go-cover-parroto/internal/modules/vocabulary_category/repositories/vocabulary_category.repo.go:52.105,54.2 1 0
go-cover-parroto/internal/modules/vocabulary_category/repositories/vocabulary_category.repo.go:56.105,58.2 1 0
go-cover-parroto/internal/modules/vocabulary_category/repositories/vocabulary_category.repo.go:60.77,62.2 1 0
go-cover-parroto/internal/modules/vocabulary_item/dtos/req/vocabulary_item.req.go:11.60,13.21 2 0
go-cover-parroto/internal/modules/vocabulary_item/dtos/req/vocabulary_item.req.go:13.21,15.3 1 0
go-cover-parroto/internal/modules/vocabulary_item/dtos/req/vocabulary_item.req.go:16.2,16.14 1 0
